Classic Timing Analyzer report for full_adder4
Tue Jun 26 11:37:11 2018
Quartus II Version 9.0 Build 235 06/17/2009 Service Pack 2 SJ Web Edition


---------------------
; Table of Contents ;
---------------------
  1. Legal Notice
  2. Timing Analyzer Summary
  3. Timing Analyzer Settings
  4. Parallel Compilation
  5. tpd
  6. Timing Analyzer Messages



----------------
; Legal Notice ;
----------------
Copyright (C) 1991-2009 Altera Corporation
Your use of Altera Corporation's design tools, logic functions 
and other software and tools, and its AMPP partner logic 
functions, and any output files from any of the foregoing 
(including device programming or simulation files), and any 
associated documentation or information are expressly subject 
to the terms and conditions of the Altera Program License 
Subscription Agreement, Altera MegaCore Function License 
Agreement, or other applicable license agreement, including, 
without limitation, that your use is for the sole purpose of 
programming logic devices manufactured by Altera and sold by 
Altera or its authorized distributors.  Please refer to the 
applicable agreement for further details.



+-------------------------------------------------------------------------------------------------------------------------+
; Timing Analyzer Summary                                                                                                 ;
+------------------------------+-------+---------------+-------------+------+------+------------+----------+--------------+
; Type                         ; Slack ; Required Time ; Actual Time ; From ; To   ; From Clock ; To Clock ; Failed Paths ;
+------------------------------+-------+---------------+-------------+------+------+------------+----------+--------------+
; Worst-case tpd               ; N/A   ; None          ; 10.151 ns   ; B2   ; COUT ; --         ; --       ; 0            ;
; Total number of failed paths ;       ;               ;             ;      ;      ;            ;          ; 0            ;
+------------------------------+-------+---------------+-------------+------+------+------------+----------+--------------+


+--------------------------------------------------------------------------------------------------------------------+
; Timing Analyzer Settings                                                                                           ;
+---------------------------------------------------------------------+--------------------+------+----+-------------+
; Option                                                              ; Setting            ; From ; To ; Entity Name ;
+---------------------------------------------------------------------+--------------------+------+----+-------------+
; Device Name                                                         ; EPM240T100C5       ;      ;    ;             ;
; Timing Models                                                       ; Final              ;      ;    ;             ;
; Default hold multicycle                                             ; Same as Multicycle ;      ;    ;             ;
; Cut paths between unrelated clock domains                           ; On                 ;      ;    ;             ;
; Cut off read during write signal paths                              ; On                 ;      ;    ;             ;
; Cut off feedback from I/O pins                                      ; On                 ;      ;    ;             ;
; Report Combined Fast/Slow Timing                                    ; Off                ;      ;    ;             ;
; Ignore Clock Settings                                               ; Off                ;      ;    ;             ;
; Analyze latches as synchronous elements                             ; On                 ;      ;    ;             ;
; Enable Recovery/Removal analysis                                    ; Off                ;      ;    ;             ;
; Enable Clock Latency                                                ; Off                ;      ;    ;             ;
; Use TimeQuest Timing Analyzer                                       ; Off                ;      ;    ;             ;
; Minimum Core Junction Temperature                                   ; 0                  ;      ;    ;             ;
; Maximum Core Junction Temperature                                   ; 85                 ;      ;    ;             ;
; Number of source nodes to report per destination node               ; 10                 ;      ;    ;             ;
; Number of destination nodes to report                               ; 10                 ;      ;    ;             ;
; Number of paths to report                                           ; 200                ;      ;    ;             ;
; Report Minimum Timing Checks                                        ; Off                ;      ;    ;             ;
; Use Fast Timing Models                                              ; Off                ;      ;    ;             ;
; Report IO Paths Separately                                          ; Off                ;      ;    ;             ;
; Perform Multicorner Analysis                                        ; Off                ;      ;    ;             ;
; Reports the worst-case path for each clock domain and analysis      ; Off                ;      ;    ;             ;
; Removes common clock path pessimism (CCPP) during slack computation ; Off                ;      ;    ;             ;
; Output I/O Timing Endpoint                                          ; Near End           ;      ;    ;             ;
+---------------------------------------------------------------------+--------------------+------+----+-------------+


Parallel compilation was disabled, but you have multiple processors available. Enable parallel compilation to reduce compilation time.
+-------------------------------------+
; Parallel Compilation                ;
+----------------------------+--------+
; Processors                 ; Number ;
+----------------------------+--------+
; Number detected on machine ; 2      ;
; Maximum allowed            ; 1      ;
+----------------------------+--------+


+-----------------------------------------------------------+
; tpd                                                       ;
+-------+-------------------+-----------------+------+------+
; Slack ; Required P2P Time ; Actual P2P Time ; From ; To   ;
+-------+-------------------+-----------------+------+------+
; N/A   ; None              ; 10.151 ns       ; B2   ; COUT ;
; N/A   ; None              ; 10.064 ns       ; B1   ; COUT ;
; N/A   ; None              ; 10.017 ns       ; A0   ; COUT ;
; N/A   ; None              ; 9.983 ns        ; B0   ; COUT ;
; N/A   ; None              ; 9.750 ns        ; B2   ; S3   ;
; N/A   ; None              ; 9.749 ns        ; A2   ; COUT ;
; N/A   ; None              ; 9.725 ns        ; A1   ; COUT ;
; N/A   ; None              ; 9.663 ns        ; B1   ; S3   ;
; N/A   ; None              ; 9.621 ns        ; B1   ; S2   ;
; N/A   ; None              ; 9.616 ns        ; A0   ; S3   ;
; N/A   ; None              ; 9.582 ns        ; B0   ; S3   ;
; N/A   ; None              ; 9.574 ns        ; A0   ; S2   ;
; N/A   ; None              ; 9.540 ns        ; B0   ; S2   ;
; N/A   ; None              ; 9.348 ns        ; A2   ; S3   ;
; N/A   ; None              ; 9.324 ns        ; A1   ; S3   ;
; N/A   ; None              ; 9.293 ns        ; B2   ; S2   ;
; N/A   ; None              ; 9.282 ns        ; A1   ; S2   ;
; N/A   ; None              ; 9.178 ns        ; A3   ; S3   ;
; N/A   ; None              ; 9.176 ns        ; A3   ; COUT ;
; N/A   ; None              ; 8.936 ns        ; B3   ; S3   ;
; N/A   ; None              ; 8.934 ns        ; B3   ; COUT ;
; N/A   ; None              ; 8.904 ns        ; A2   ; S2   ;
; N/A   ; None              ; 8.778 ns        ; A0   ; S0   ;
; N/A   ; None              ; 8.727 ns        ; B0   ; S0   ;
; N/A   ; None              ; 8.662 ns        ; A1   ; S1   ;
; N/A   ; None              ; 8.619 ns        ; A0   ; S1   ;
; N/A   ; None              ; 8.587 ns        ; B0   ; S1   ;
; N/A   ; None              ; 8.332 ns        ; B1   ; S1   ;
+-------+-------------------+-----------------+------+------+


+--------------------------+
; Timing Analyzer Messages ;
+--------------------------+
Info: *******************************************************************
Info: Running Quartus II Classic Timing Analyzer
    Info: Version 9.0 Build 235 06/17/2009 Service Pack 2 SJ Web Edition
    Info: Processing started: Tue Jun 26 11:37:11 2018
Info: Command: quartus_tan --read_settings_files=off --write_settings_files=off full_adder4 -c full_adder4
Info: Started post-fitting delay annotation
Info: Delay annotation completed successfully
Info: Longest tpd from source pin "B2" to destination pin "COUT" is 10.151 ns
    Info: 1: + IC(0.000 ns) + CELL(1.132 ns) = 1.132 ns; Loc. = PIN_6; Fanout = 2; PIN Node = 'B2'
    Info: 2: + IC(2.043 ns) + CELL(0.740 ns) = 3.915 ns; Loc. = LC_X2_Y4_N3; Fanout = 2; COMB Node = 'full_adder:inst12|inst11~0'
    Info: 3: + IC(0.713 ns) + CELL(0.200 ns) = 4.828 ns; Loc. = LC_X2_Y4_N6; Fanout = 1; COMB Node = 'full_adder:inst9|inst11~0'
    Info: 4: + IC(3.001 ns) + CELL(2.322 ns) = 10.151 ns; Loc. = PIN_53; Fanout = 0; PIN Node = 'COUT'
    Info: Total cell delay = 4.394 ns ( 43.29 % )
    Info: Total interconnect delay = 5.757 ns ( 56.71 % )
Info: Quartus II Classic Timing Analyzer was successful. 0 errors, 0 warnings
    Info: Peak virtual memory: 164 megabytes
    Info: Processing ended: Tue Jun 26 11:37:11 2018
    Info: Elapsed time: 00:00:00
    Info: Total CPU time (on all processors): 00:00:00


