Classic Timing Analyzer report for C_CLOCK
Tue Jun 26 11:53:53 2018
Quartus II Version 9.0 Build 235 06/17/2009 Service Pack 2 SJ Web Edition


---------------------
; Table of Contents ;
---------------------
  1. Legal Notice
  2. Timing Analyzer Summary
  3. Timing Analyzer Settings
  4. Clock Settings Summary
  5. Parallel Compilation
  6. Clock Setup: 'clk'
  7. Clock Hold: 'clk'
  8. tsu
  9. tco
 10. th
 11. Timing Analyzer Messages



----------------
; Legal Notice ;
----------------
Copyright (C) 1991-2009 Altera Corporation
Your use of Altera Corporation's design tools, logic functions 
and other software and tools, and its AMPP partner logic 
functions, and any output files from any of the foregoing 
(including device programming or simulation files), and any 
associated documentation or information are expressly subject 
to the terms and conditions of the Altera Program License 
Subscription Agreement, Altera MegaCore Function License 
Agreement, or other applicable license agreement, including, 
without limitation, that your use is for the sole purpose of 
programming logic devices manufactured by Altera and sold by 
Altera or its authorized distributors.  Please refer to the 
applicable agreement for further details.



+-------------------------------------------------------------------------------------------------------------------------------------------------------------------------------------------------------------------+
; Timing Analyzer Summary                                                                                                                                                                                           ;
+------------------------------+------------------------------------------+---------------+----------------------------------+-----------------------+-----------------------+------------+----------+--------------+
; Type                         ; Slack                                    ; Required Time ; Actual Time                      ; From                  ; To                    ; From Clock ; To Clock ; Failed Paths ;
+------------------------------+------------------------------------------+---------------+----------------------------------+-----------------------+-----------------------+------------+----------+--------------+
; Worst-case tsu               ; N/A                                      ; None          ; 4.379 ns                         ; ctrlin[0]             ; key_temp0[0]          ; --         ; clk      ; 0            ;
; Worst-case tco               ; N/A                                      ; None          ; 20.248 ns                        ; led_disp:u|dataout[5] ; disp[5]               ; clk        ; --       ; 0            ;
; Worst-case th                ; N/A                                      ; None          ; -1.506 ns                        ; ctrlin[2]             ; key_temp0[2]          ; --         ; clk      ; 0            ;
; Clock Setup: 'clk'           ; N/A                                      ; None          ; 73.66 MHz ( period = 13.576 ns ) ; \process_3:cnt[0]     ; \process_3:cnt[23]    ; clk        ; clk      ; 0            ;
; Clock Hold: 'clk'            ; Not operational: Clock Skew > Data Delay ; None          ; N/A                              ; data[2]               ; led_disp:u|dataout[0] ; clk        ; clk      ; 53           ;
; Total number of failed paths ;                                          ;               ;                                  ;                       ;                       ;            ;          ; 53           ;
+------------------------------+------------------------------------------+---------------+----------------------------------+-----------------------+-----------------------+------------+----------+--------------+


+--------------------------------------------------------------------------------------------------------------------+
; Timing Analyzer Settings                                                                                           ;
+---------------------------------------------------------------------+--------------------+------+----+-------------+
; Option                                                              ; Setting            ; From ; To ; Entity Name ;
+---------------------------------------------------------------------+--------------------+------+----+-------------+
; Device Name                                                         ; EPM240T100C5       ;      ;    ;             ;
; Timing Models                                                       ; Final              ;      ;    ;             ;
; Default hold multicycle                                             ; Same as Multicycle ;      ;    ;             ;
; Cut paths between unrelated clock domains                           ; On                 ;      ;    ;             ;
; Cut off read during write signal paths                              ; On                 ;      ;    ;             ;
; Cut off feedback from I/O pins                                      ; On                 ;      ;    ;             ;
; Report Combined Fast/Slow Timing                                    ; Off                ;      ;    ;             ;
; Ignore Clock Settings                                               ; Off                ;      ;    ;             ;
; Analyze latches as synchronous elements                             ; On                 ;      ;    ;             ;
; Enable Recovery/Removal analysis                                    ; Off                ;      ;    ;             ;
; Enable Clock Latency                                                ; Off                ;      ;    ;             ;
; Use TimeQuest Timing Analyzer                                       ; Off                ;      ;    ;             ;
; Minimum Core Junction Temperature                                   ; 0                  ;      ;    ;             ;
; Maximum Core Junction Temperature                                   ; 85                 ;      ;    ;             ;
; Number of source nodes to report per destination node               ; 10                 ;      ;    ;             ;
; Number of destination nodes to report                               ; 10                 ;      ;    ;             ;
; Number of paths to report                                           ; 200                ;      ;    ;             ;
; Report Minimum Timing Checks                                        ; Off                ;      ;    ;             ;
; Use Fast Timing Models                                              ; Off                ;      ;    ;             ;
; Report IO Paths Separately                                          ; Off                ;      ;    ;             ;
; Perform Multicorner Analysis                                        ; Off                ;      ;    ;             ;
; Reports the worst-case path for each clock domain and analysis      ; Off                ;      ;    ;             ;
; Removes common clock path pessimism (CCPP) during slack computation ; Off                ;      ;    ;             ;
; Output I/O Timing Endpoint                                          ; Near End           ;      ;    ;             ;
+---------------------------------------------------------------------+--------------------+------+----+-------------+


+------------------------------------------------------------------------------------------------------------------------------------------------------------------------------------+
; Clock Settings Summary                                                                                                                                                             ;
+-----------------+--------------------+----------+------------------+---------------+--------------+----------+-----------------------+---------------------+--------+--------------+
; Clock Node Name ; Clock Setting Name ; Type     ; Fmax Requirement ; Early Latency ; Late Latency ; Based on ; Multiply Base Fmax by ; Divide Base Fmax by ; Offset ; Phase offset ;
+-----------------+--------------------+----------+------------------+---------------+--------------+----------+-----------------------+---------------------+--------+--------------+
; clk             ;                    ; User Pin ; None             ; 0.000 ns      ; 0.000 ns     ; --       ; N/A                   ; N/A                 ; N/A    ;              ;
+-----------------+--------------------+----------+------------------+---------------+--------------+----------+-----------------------+---------------------+--------+--------------+


Parallel compilation was disabled, but you have multiple processors available. Enable parallel compilation to reduce compilation time.
+-------------------------------------+
; Parallel Compilation                ;
+----------------------------+--------+
; Processors                 ; Number ;
+----------------------------+--------+
; Number detected on machine ; 2      ;
; Maximum allowed            ; 1      ;
+----------------------------+--------+


+-----------------------------------------------------------------------------------------------------------------------------------------------------------------------------------------------------------------------------------------------------+
; Clock Setup: 'clk'                                                                                                                                                                                                                                  ;
+-----------------------------------------+-----------------------------------------------------+--------------------+--------------------+------------+----------+-----------------------------+---------------------------+-------------------------+
; Slack                                   ; Actual fmax (period)                                ; From               ; To                 ; From Clock ; To Clock ; Required Setup Relationship ; Required Longest P2P Time ; Actual Longest P2P Time ;
+-----------------------------------------+-----------------------------------------------------+--------------------+--------------------+------------+----------+-----------------------------+---------------------------+-------------------------+
; N/A                                     ; 73.66 MHz ( period = 13.576 ns )                    ; \process_3:cnt[0]  ; \process_3:cnt[6]  ; clk        ; clk      ; None                        ; None                      ; 12.867 ns               ;
; N/A                                     ; 73.66 MHz ( period = 13.576 ns )                    ; \process_3:cnt[0]  ; \process_3:cnt[23] ; clk        ; clk      ; None                        ; None                      ; 12.867 ns               ;
; N/A                                     ; 73.66 MHz ( period = 13.575 ns )                    ; \process_3:cnt[0]  ; \process_3:cnt[11] ; clk        ; clk      ; None                        ; None                      ; 12.866 ns               ;
; N/A                                     ; 73.66 MHz ( period = 13.575 ns )                    ; \process_3:cnt[0]  ; \process_3:cnt[15] ; clk        ; clk      ; None                        ; None                      ; 12.866 ns               ;
; N/A                                     ; 73.67 MHz ( period = 13.574 ns )                    ; \process_3:cnt[0]  ; \process_3:cnt[16] ; clk        ; clk      ; None                        ; None                      ; 12.865 ns               ;
; N/A                                     ; 73.88 MHz ( period = 13.535 ns )                    ; \process_3:cnt[5]  ; \process_3:cnt[6]  ; clk        ; clk      ; None                        ; None                      ; 12.826 ns               ;
; N/A                                     ; 73.88 MHz ( period = 13.535 ns )                    ; \process_3:cnt[5]  ; \process_3:cnt[23] ; clk        ; clk      ; None                        ; None                      ; 12.826 ns               ;
; N/A                                     ; 73.89 MHz ( period = 13.534 ns )                    ; \process_3:cnt[5]  ; \process_3:cnt[11] ; clk        ; clk      ; None                        ; None                      ; 12.825 ns               ;
; N/A                                     ; 73.89 MHz ( period = 13.534 ns )                    ; \process_3:cnt[5]  ; \process_3:cnt[15] ; clk        ; clk      ; None                        ; None                      ; 12.825 ns               ;
; N/A                                     ; 73.89 MHz ( period = 13.533 ns )                    ; \process_3:cnt[5]  ; \process_3:cnt[16] ; clk        ; clk      ; None                        ; None                      ; 12.824 ns               ;
; N/A                                     ; 74.19 MHz ( period = 13.478 ns )                    ; \process_3:cnt[1]  ; \process_3:cnt[6]  ; clk        ; clk      ; None                        ; None                      ; 12.769 ns               ;
; N/A                                     ; 74.19 MHz ( period = 13.478 ns )                    ; \process_3:cnt[1]  ; \process_3:cnt[23] ; clk        ; clk      ; None                        ; None                      ; 12.769 ns               ;
; N/A                                     ; 74.20 MHz ( period = 13.477 ns )                    ; \process_3:cnt[1]  ; \process_3:cnt[11] ; clk        ; clk      ; None                        ; None                      ; 12.768 ns               ;
; N/A                                     ; 74.20 MHz ( period = 13.477 ns )                    ; \process_3:cnt[1]  ; \process_3:cnt[15] ; clk        ; clk      ; None                        ; None                      ; 12.768 ns               ;
; N/A                                     ; 74.21 MHz ( period = 13.476 ns )                    ; \process_3:cnt[1]  ; \process_3:cnt[16] ; clk        ; clk      ; None                        ; None                      ; 12.767 ns               ;
; N/A                                     ; 74.32 MHz ( period = 13.456 ns )                    ; \process_3:cnt[4]  ; \process_3:cnt[6]  ; clk        ; clk      ; None                        ; None                      ; 12.747 ns               ;
; N/A                                     ; 74.32 MHz ( period = 13.456 ns )                    ; \process_3:cnt[4]  ; \process_3:cnt[23] ; clk        ; clk      ; None                        ; None                      ; 12.747 ns               ;
; N/A                                     ; 74.32 MHz ( period = 13.455 ns )                    ; \process_3:cnt[4]  ; \process_3:cnt[11] ; clk        ; clk      ; None                        ; None                      ; 12.746 ns               ;
; N/A                                     ; 74.32 MHz ( period = 13.455 ns )                    ; \process_3:cnt[4]  ; \process_3:cnt[15] ; clk        ; clk      ; None                        ; None                      ; 12.746 ns               ;
; N/A                                     ; 74.33 MHz ( period = 13.454 ns )                    ; \process_3:cnt[4]  ; \process_3:cnt[16] ; clk        ; clk      ; None                        ; None                      ; 12.745 ns               ;
; N/A                                     ; 74.76 MHz ( period = 13.377 ns )                    ; \process_3:cnt[8]  ; \process_3:cnt[6]  ; clk        ; clk      ; None                        ; None                      ; 12.668 ns               ;
; N/A                                     ; 74.76 MHz ( period = 13.377 ns )                    ; \process_3:cnt[8]  ; \process_3:cnt[23] ; clk        ; clk      ; None                        ; None                      ; 12.668 ns               ;
; N/A                                     ; 74.76 MHz ( period = 13.376 ns )                    ; \process_3:cnt[8]  ; \process_3:cnt[11] ; clk        ; clk      ; None                        ; None                      ; 12.667 ns               ;
; N/A                                     ; 74.76 MHz ( period = 13.376 ns )                    ; \process_3:cnt[8]  ; \process_3:cnt[15] ; clk        ; clk      ; None                        ; None                      ; 12.667 ns               ;
; N/A                                     ; 74.77 MHz ( period = 13.375 ns )                    ; \process_3:cnt[8]  ; \process_3:cnt[16] ; clk        ; clk      ; None                        ; None                      ; 12.666 ns               ;
; N/A                                     ; 75.94 MHz ( period = 13.168 ns )                    ; \process_3:cnt[10] ; \process_3:cnt[6]  ; clk        ; clk      ; None                        ; None                      ; 12.459 ns               ;
; N/A                                     ; 75.94 MHz ( period = 13.168 ns )                    ; \process_3:cnt[10] ; \process_3:cnt[23] ; clk        ; clk      ; None                        ; None                      ; 12.459 ns               ;
; N/A                                     ; 75.95 MHz ( period = 13.167 ns )                    ; \process_3:cnt[10] ; \process_3:cnt[11] ; clk        ; clk      ; None                        ; None                      ; 12.458 ns               ;
; N/A                                     ; 75.95 MHz ( period = 13.167 ns )                    ; \process_3:cnt[10] ; \process_3:cnt[15] ; clk        ; clk      ; None                        ; None                      ; 12.458 ns               ;
; N/A                                     ; 75.95 MHz ( period = 13.166 ns )                    ; \process_3:cnt[10] ; \process_3:cnt[16] ; clk        ; clk      ; None                        ; None                      ; 12.457 ns               ;
; N/A                                     ; 75.98 MHz ( period = 13.162 ns )                    ; \process_3:cnt[6]  ; \process_3:cnt[6]  ; clk        ; clk      ; None                        ; None                      ; 12.453 ns               ;
; N/A                                     ; 75.98 MHz ( period = 13.162 ns )                    ; \process_3:cnt[6]  ; \process_3:cnt[23] ; clk        ; clk      ; None                        ; None                      ; 12.453 ns               ;
; N/A                                     ; 75.98 MHz ( period = 13.161 ns )                    ; \process_3:cnt[6]  ; \process_3:cnt[11] ; clk        ; clk      ; None                        ; None                      ; 12.452 ns               ;
; N/A                                     ; 75.98 MHz ( period = 13.161 ns )                    ; \process_3:cnt[6]  ; \process_3:cnt[15] ; clk        ; clk      ; None                        ; None                      ; 12.452 ns               ;
; N/A                                     ; 75.99 MHz ( period = 13.160 ns )                    ; \process_3:cnt[6]  ; \process_3:cnt[16] ; clk        ; clk      ; None                        ; None                      ; 12.451 ns               ;
; N/A                                     ; 76.05 MHz ( period = 13.149 ns )                    ; \process_3:cnt[0]  ; \process_3:cnt[8]  ; clk        ; clk      ; None                        ; None                      ; 12.440 ns               ;
; N/A                                     ; 76.08 MHz ( period = 13.144 ns )                    ; \process_3:cnt[0]  ; \process_3:cnt[10] ; clk        ; clk      ; None                        ; None                      ; 12.435 ns               ;
; N/A                                     ; 76.08 MHz ( period = 13.144 ns )                    ; \process_3:cnt[0]  ; \process_3:cnt[5]  ; clk        ; clk      ; None                        ; None                      ; 12.435 ns               ;
; N/A                                     ; 76.29 MHz ( period = 13.108 ns )                    ; \process_3:cnt[5]  ; \process_3:cnt[8]  ; clk        ; clk      ; None                        ; None                      ; 12.399 ns               ;
; N/A                                     ; 76.32 MHz ( period = 13.103 ns )                    ; \process_3:cnt[5]  ; \process_3:cnt[10] ; clk        ; clk      ; None                        ; None                      ; 12.394 ns               ;
; N/A                                     ; 76.32 MHz ( period = 13.103 ns )                    ; \process_3:cnt[5]  ; \process_3:cnt[5]  ; clk        ; clk      ; None                        ; None                      ; 12.394 ns               ;
; N/A                                     ; 76.45 MHz ( period = 13.081 ns )                    ; \process_3:cnt[9]  ; \process_3:cnt[6]  ; clk        ; clk      ; None                        ; None                      ; 12.372 ns               ;
; N/A                                     ; 76.45 MHz ( period = 13.081 ns )                    ; \process_3:cnt[9]  ; \process_3:cnt[23] ; clk        ; clk      ; None                        ; None                      ; 12.372 ns               ;
; N/A                                     ; 76.45 MHz ( period = 13.080 ns )                    ; \process_3:cnt[9]  ; \process_3:cnt[11] ; clk        ; clk      ; None                        ; None                      ; 12.371 ns               ;
; N/A                                     ; 76.45 MHz ( period = 13.080 ns )                    ; \process_3:cnt[9]  ; \process_3:cnt[15] ; clk        ; clk      ; None                        ; None                      ; 12.371 ns               ;
; N/A                                     ; 76.46 MHz ( period = 13.079 ns )                    ; \process_3:cnt[9]  ; \process_3:cnt[16] ; clk        ; clk      ; None                        ; None                      ; 12.370 ns               ;
; N/A                                     ; 76.52 MHz ( period = 13.069 ns )                    ; \process_3:cnt[7]  ; \process_3:cnt[6]  ; clk        ; clk      ; None                        ; None                      ; 12.360 ns               ;
; N/A                                     ; 76.52 MHz ( period = 13.069 ns )                    ; \process_3:cnt[7]  ; \process_3:cnt[23] ; clk        ; clk      ; None                        ; None                      ; 12.360 ns               ;
; N/A                                     ; 76.52 MHz ( period = 13.068 ns )                    ; \process_3:cnt[7]  ; \process_3:cnt[11] ; clk        ; clk      ; None                        ; None                      ; 12.359 ns               ;
; N/A                                     ; 76.52 MHz ( period = 13.068 ns )                    ; \process_3:cnt[7]  ; \process_3:cnt[15] ; clk        ; clk      ; None                        ; None                      ; 12.359 ns               ;
; N/A                                     ; 76.53 MHz ( period = 13.067 ns )                    ; \process_3:cnt[7]  ; \process_3:cnt[16] ; clk        ; clk      ; None                        ; None                      ; 12.358 ns               ;
; N/A                                     ; 76.62 MHz ( period = 13.051 ns )                    ; \process_3:cnt[1]  ; \process_3:cnt[8]  ; clk        ; clk      ; None                        ; None                      ; 12.342 ns               ;
; N/A                                     ; 76.65 MHz ( period = 13.046 ns )                    ; \process_3:cnt[1]  ; \process_3:cnt[10] ; clk        ; clk      ; None                        ; None                      ; 12.337 ns               ;
; N/A                                     ; 76.65 MHz ( period = 13.046 ns )                    ; \process_3:cnt[1]  ; \process_3:cnt[5]  ; clk        ; clk      ; None                        ; None                      ; 12.337 ns               ;
; N/A                                     ; 76.68 MHz ( period = 13.041 ns )                    ; \process_3:cnt[0]  ; \process_3:cnt[14] ; clk        ; clk      ; None                        ; None                      ; 12.332 ns               ;
; N/A                                     ; 76.69 MHz ( period = 13.040 ns )                    ; \process_3:cnt[0]  ; \process_3:cnt[0]  ; clk        ; clk      ; None                        ; None                      ; 12.331 ns               ;
; N/A                                     ; 76.73 MHz ( period = 13.032 ns )                    ; \process_3:cnt[0]  ; timeclk            ; clk        ; clk      ; None                        ; None                      ; 12.323 ns               ;
; N/A                                     ; 76.75 MHz ( period = 13.029 ns )                    ; \process_3:cnt[4]  ; \process_3:cnt[8]  ; clk        ; clk      ; None                        ; None                      ; 12.320 ns               ;
; N/A                                     ; 76.76 MHz ( period = 13.028 ns )                    ; \process_3:cnt[0]  ; \process_3:cnt[1]  ; clk        ; clk      ; None                        ; None                      ; 12.319 ns               ;
; N/A                                     ; 76.78 MHz ( period = 13.024 ns )                    ; \process_3:cnt[4]  ; \process_3:cnt[10] ; clk        ; clk      ; None                        ; None                      ; 12.315 ns               ;
; N/A                                     ; 76.78 MHz ( period = 13.024 ns )                    ; \process_3:cnt[4]  ; \process_3:cnt[5]  ; clk        ; clk      ; None                        ; None                      ; 12.315 ns               ;
; N/A                                     ; 76.82 MHz ( period = 13.018 ns )                    ; \process_3:cnt[11] ; \process_3:cnt[6]  ; clk        ; clk      ; None                        ; None                      ; 12.309 ns               ;
; N/A                                     ; 76.82 MHz ( period = 13.018 ns )                    ; \process_3:cnt[11] ; \process_3:cnt[23] ; clk        ; clk      ; None                        ; None                      ; 12.309 ns               ;
; N/A                                     ; 76.82 MHz ( period = 13.017 ns )                    ; \process_3:cnt[11] ; \process_3:cnt[11] ; clk        ; clk      ; None                        ; None                      ; 12.308 ns               ;
; N/A                                     ; 76.82 MHz ( period = 13.017 ns )                    ; \process_3:cnt[11] ; \process_3:cnt[15] ; clk        ; clk      ; None                        ; None                      ; 12.308 ns               ;
; N/A                                     ; 76.83 MHz ( period = 13.016 ns )                    ; \process_3:cnt[11] ; \process_3:cnt[16] ; clk        ; clk      ; None                        ; None                      ; 12.307 ns               ;
; N/A                                     ; 76.92 MHz ( period = 13.000 ns )                    ; \process_3:cnt[13] ; \process_3:cnt[6]  ; clk        ; clk      ; None                        ; None                      ; 12.291 ns               ;
; N/A                                     ; 76.92 MHz ( period = 13.000 ns )                    ; \process_3:cnt[13] ; \process_3:cnt[23] ; clk        ; clk      ; None                        ; None                      ; 12.291 ns               ;
; N/A                                     ; 76.92 MHz ( period = 13.000 ns )                    ; \process_3:cnt[5]  ; \process_3:cnt[14] ; clk        ; clk      ; None                        ; None                      ; 12.291 ns               ;
; N/A                                     ; 76.93 MHz ( period = 12.999 ns )                    ; \process_3:cnt[13] ; \process_3:cnt[11] ; clk        ; clk      ; None                        ; None                      ; 12.290 ns               ;
; N/A                                     ; 76.93 MHz ( period = 12.999 ns )                    ; \process_3:cnt[13] ; \process_3:cnt[15] ; clk        ; clk      ; None                        ; None                      ; 12.290 ns               ;
; N/A                                     ; 76.93 MHz ( period = 12.999 ns )                    ; \process_3:cnt[5]  ; \process_3:cnt[0]  ; clk        ; clk      ; None                        ; None                      ; 12.290 ns               ;
; N/A                                     ; 76.93 MHz ( period = 12.998 ns )                    ; \process_3:cnt[13] ; \process_3:cnt[16] ; clk        ; clk      ; None                        ; None                      ; 12.289 ns               ;
; N/A                                     ; 76.98 MHz ( period = 12.991 ns )                    ; \process_3:cnt[5]  ; timeclk            ; clk        ; clk      ; None                        ; None                      ; 12.282 ns               ;
; N/A                                     ; 77.00 MHz ( period = 12.987 ns )                    ; \process_3:cnt[5]  ; \process_3:cnt[1]  ; clk        ; clk      ; None                        ; None                      ; 12.278 ns               ;
; N/A                                     ; 77.04 MHz ( period = 12.981 ns )                    ; \process_3:cnt[0]  ; \process_3:cnt[18] ; clk        ; clk      ; None                        ; None                      ; 12.272 ns               ;
; N/A                                     ; 77.04 MHz ( period = 12.981 ns )                    ; \process_3:cnt[0]  ; \process_3:cnt[19] ; clk        ; clk      ; None                        ; None                      ; 12.272 ns               ;
; N/A                                     ; 77.14 MHz ( period = 12.964 ns )                    ; \process_3:cnt[0]  ; \process_3:cnt[12] ; clk        ; clk      ; None                        ; None                      ; 12.255 ns               ;
; N/A                                     ; 77.22 MHz ( period = 12.950 ns )                    ; \process_3:cnt[8]  ; \process_3:cnt[8]  ; clk        ; clk      ; None                        ; None                      ; 12.241 ns               ;
; N/A                                     ; 77.25 MHz ( period = 12.945 ns )                    ; \process_3:cnt[8]  ; \process_3:cnt[10] ; clk        ; clk      ; None                        ; None                      ; 12.236 ns               ;
; N/A                                     ; 77.25 MHz ( period = 12.945 ns )                    ; \process_3:cnt[8]  ; \process_3:cnt[5]  ; clk        ; clk      ; None                        ; None                      ; 12.236 ns               ;
; N/A                                     ; 77.26 MHz ( period = 12.943 ns )                    ; \process_3:cnt[1]  ; \process_3:cnt[14] ; clk        ; clk      ; None                        ; None                      ; 12.234 ns               ;
; N/A                                     ; 77.27 MHz ( period = 12.942 ns )                    ; \process_3:cnt[1]  ; \process_3:cnt[0]  ; clk        ; clk      ; None                        ; None                      ; 12.233 ns               ;
; N/A                                     ; 77.28 MHz ( period = 12.940 ns )                    ; \process_3:cnt[5]  ; \process_3:cnt[18] ; clk        ; clk      ; None                        ; None                      ; 12.231 ns               ;
; N/A                                     ; 77.28 MHz ( period = 12.940 ns )                    ; \process_3:cnt[5]  ; \process_3:cnt[19] ; clk        ; clk      ; None                        ; None                      ; 12.231 ns               ;
; N/A                                     ; 77.32 MHz ( period = 12.934 ns )                    ; \process_3:cnt[1]  ; timeclk            ; clk        ; clk      ; None                        ; None                      ; 12.225 ns               ;
; N/A                                     ; 77.34 MHz ( period = 12.930 ns )                    ; \process_3:cnt[1]  ; \process_3:cnt[1]  ; clk        ; clk      ; None                        ; None                      ; 12.221 ns               ;
; N/A                                     ; 77.38 MHz ( period = 12.923 ns )                    ; \process_3:cnt[5]  ; \process_3:cnt[12] ; clk        ; clk      ; None                        ; None                      ; 12.214 ns               ;
; N/A                                     ; 77.39 MHz ( period = 12.921 ns )                    ; \process_3:cnt[4]  ; \process_3:cnt[14] ; clk        ; clk      ; None                        ; None                      ; 12.212 ns               ;
; N/A                                     ; 77.40 MHz ( period = 12.920 ns )                    ; \process_3:cnt[4]  ; \process_3:cnt[0]  ; clk        ; clk      ; None                        ; None                      ; 12.211 ns               ;
; N/A                                     ; 77.43 MHz ( period = 12.915 ns )                    ; \process_3:cnt[0]  ; \process_3:cnt[2]  ; clk        ; clk      ; None                        ; None                      ; 12.206 ns               ;
; N/A                                     ; 77.44 MHz ( period = 12.914 ns )                    ; \process_3:cnt[0]  ; \process_3:cnt[3]  ; clk        ; clk      ; None                        ; None                      ; 12.205 ns               ;
; N/A                                     ; 77.45 MHz ( period = 12.912 ns )                    ; \process_3:cnt[4]  ; timeclk            ; clk        ; clk      ; None                        ; None                      ; 12.203 ns               ;
; N/A                                     ; 77.47 MHz ( period = 12.908 ns )                    ; \process_3:cnt[4]  ; \process_3:cnt[1]  ; clk        ; clk      ; None                        ; None                      ; 12.199 ns               ;
; N/A                                     ; 77.62 MHz ( period = 12.883 ns )                    ; \process_3:cnt[1]  ; \process_3:cnt[18] ; clk        ; clk      ; None                        ; None                      ; 12.174 ns               ;
; N/A                                     ; 77.62 MHz ( period = 12.883 ns )                    ; \process_3:cnt[1]  ; \process_3:cnt[19] ; clk        ; clk      ; None                        ; None                      ; 12.174 ns               ;
; N/A                                     ; 77.68 MHz ( period = 12.874 ns )                    ; \process_3:cnt[5]  ; \process_3:cnt[2]  ; clk        ; clk      ; None                        ; None                      ; 12.165 ns               ;
; N/A                                     ; 77.68 MHz ( period = 12.873 ns )                    ; \process_3:cnt[5]  ; \process_3:cnt[3]  ; clk        ; clk      ; None                        ; None                      ; 12.164 ns               ;
; N/A                                     ; 77.69 MHz ( period = 12.872 ns )                    ; \process_3:cnt[14] ; \process_3:cnt[6]  ; clk        ; clk      ; None                        ; None                      ; 12.163 ns               ;
; N/A                                     ; 77.69 MHz ( period = 12.872 ns )                    ; \process_3:cnt[14] ; \process_3:cnt[23] ; clk        ; clk      ; None                        ; None                      ; 12.163 ns               ;
; N/A                                     ; 77.69 MHz ( period = 12.871 ns )                    ; \process_3:cnt[14] ; \process_3:cnt[11] ; clk        ; clk      ; None                        ; None                      ; 12.162 ns               ;
; N/A                                     ; 77.69 MHz ( period = 12.871 ns )                    ; \process_3:cnt[14] ; \process_3:cnt[15] ; clk        ; clk      ; None                        ; None                      ; 12.162 ns               ;
; N/A                                     ; 77.70 MHz ( period = 12.870 ns )                    ; \process_3:cnt[14] ; \process_3:cnt[16] ; clk        ; clk      ; None                        ; None                      ; 12.161 ns               ;
; N/A                                     ; 77.72 MHz ( period = 12.866 ns )                    ; \process_3:cnt[1]  ; \process_3:cnt[12] ; clk        ; clk      ; None                        ; None                      ; 12.157 ns               ;
; N/A                                     ; 77.75 MHz ( period = 12.861 ns )                    ; \process_3:cnt[4]  ; \process_3:cnt[18] ; clk        ; clk      ; None                        ; None                      ; 12.152 ns               ;
; N/A                                     ; 77.75 MHz ( period = 12.861 ns )                    ; \process_3:cnt[4]  ; \process_3:cnt[19] ; clk        ; clk      ; None                        ; None                      ; 12.152 ns               ;
; N/A                                     ; 77.86 MHz ( period = 12.844 ns )                    ; \process_3:cnt[4]  ; \process_3:cnt[12] ; clk        ; clk      ; None                        ; None                      ; 12.135 ns               ;
; N/A                                     ; 77.87 MHz ( period = 12.842 ns )                    ; \process_3:cnt[8]  ; \process_3:cnt[14] ; clk        ; clk      ; None                        ; None                      ; 12.133 ns               ;
; N/A                                     ; 77.88 MHz ( period = 12.841 ns )                    ; \process_3:cnt[8]  ; \process_3:cnt[0]  ; clk        ; clk      ; None                        ; None                      ; 12.132 ns               ;
; N/A                                     ; 77.92 MHz ( period = 12.834 ns )                    ; \process_3:cnt[20] ; \process_3:cnt[6]  ; clk        ; clk      ; None                        ; None                      ; 12.125 ns               ;
; N/A                                     ; 77.92 MHz ( period = 12.834 ns )                    ; \process_3:cnt[20] ; \process_3:cnt[23] ; clk        ; clk      ; None                        ; None                      ; 12.125 ns               ;
; N/A                                     ; 77.92 MHz ( period = 12.833 ns )                    ; \process_3:cnt[8]  ; timeclk            ; clk        ; clk      ; None                        ; None                      ; 12.124 ns               ;
; N/A                                     ; 77.92 MHz ( period = 12.833 ns )                    ; \process_3:cnt[20] ; \process_3:cnt[11] ; clk        ; clk      ; None                        ; None                      ; 12.124 ns               ;
; N/A                                     ; 77.92 MHz ( period = 12.833 ns )                    ; \process_3:cnt[20] ; \process_3:cnt[15] ; clk        ; clk      ; None                        ; None                      ; 12.124 ns               ;
; N/A                                     ; 77.93 MHz ( period = 12.832 ns )                    ; \process_3:cnt[20] ; \process_3:cnt[16] ; clk        ; clk      ; None                        ; None                      ; 12.123 ns               ;
; N/A                                     ; 77.95 MHz ( period = 12.829 ns )                    ; \process_3:cnt[15] ; \process_3:cnt[6]  ; clk        ; clk      ; None                        ; None                      ; 12.120 ns               ;
; N/A                                     ; 77.95 MHz ( period = 12.829 ns )                    ; \process_3:cnt[15] ; \process_3:cnt[23] ; clk        ; clk      ; None                        ; None                      ; 12.120 ns               ;
; N/A                                     ; 77.95 MHz ( period = 12.829 ns )                    ; \process_3:cnt[8]  ; \process_3:cnt[1]  ; clk        ; clk      ; None                        ; None                      ; 12.120 ns               ;
; N/A                                     ; 77.95 MHz ( period = 12.828 ns )                    ; \process_3:cnt[15] ; \process_3:cnt[11] ; clk        ; clk      ; None                        ; None                      ; 12.119 ns               ;
; N/A                                     ; 77.95 MHz ( period = 12.828 ns )                    ; \process_3:cnt[15] ; \process_3:cnt[15] ; clk        ; clk      ; None                        ; None                      ; 12.119 ns               ;
; N/A                                     ; 77.96 MHz ( period = 12.827 ns )                    ; \process_3:cnt[15] ; \process_3:cnt[16] ; clk        ; clk      ; None                        ; None                      ; 12.118 ns               ;
; N/A                                     ; 78.02 MHz ( period = 12.817 ns )                    ; \process_3:cnt[1]  ; \process_3:cnt[2]  ; clk        ; clk      ; None                        ; None                      ; 12.108 ns               ;
; N/A                                     ; 78.03 MHz ( period = 12.816 ns )                    ; \process_3:cnt[1]  ; \process_3:cnt[3]  ; clk        ; clk      ; None                        ; None                      ; 12.107 ns               ;
; N/A                                     ; 78.16 MHz ( period = 12.795 ns )                    ; \process_3:cnt[4]  ; \process_3:cnt[2]  ; clk        ; clk      ; None                        ; None                      ; 12.086 ns               ;
; N/A                                     ; 78.16 MHz ( period = 12.794 ns )                    ; \process_3:cnt[4]  ; \process_3:cnt[3]  ; clk        ; clk      ; None                        ; None                      ; 12.085 ns               ;
; N/A                                     ; 78.24 MHz ( period = 12.782 ns )                    ; \process_3:cnt[8]  ; \process_3:cnt[18] ; clk        ; clk      ; None                        ; None                      ; 12.073 ns               ;
; N/A                                     ; 78.24 MHz ( period = 12.782 ns )                    ; \process_3:cnt[8]  ; \process_3:cnt[19] ; clk        ; clk      ; None                        ; None                      ; 12.073 ns               ;
; N/A                                     ; 78.34 MHz ( period = 12.765 ns )                    ; \process_3:cnt[8]  ; \process_3:cnt[12] ; clk        ; clk      ; None                        ; None                      ; 12.056 ns               ;
; N/A                                     ; 78.49 MHz ( period = 12.741 ns )                    ; \process_3:cnt[10] ; \process_3:cnt[8]  ; clk        ; clk      ; None                        ; None                      ; 12.032 ns               ;
; N/A                                     ; 78.52 MHz ( period = 12.736 ns )                    ; \process_3:cnt[10] ; \process_3:cnt[10] ; clk        ; clk      ; None                        ; None                      ; 12.027 ns               ;
; N/A                                     ; 78.52 MHz ( period = 12.736 ns )                    ; \process_3:cnt[10] ; \process_3:cnt[5]  ; clk        ; clk      ; None                        ; None                      ; 12.027 ns               ;
; N/A                                     ; 78.52 MHz ( period = 12.735 ns )                    ; \process_3:cnt[6]  ; \process_3:cnt[8]  ; clk        ; clk      ; None                        ; None                      ; 12.026 ns               ;
; N/A                                     ; 78.53 MHz ( period = 12.734 ns )                    ; \process_3:cnt[0]  ; \process_3:cnt[22] ; clk        ; clk      ; None                        ; None                      ; 12.025 ns               ;
; N/A                                     ; 78.54 MHz ( period = 12.733 ns )                    ; \process_3:cnt[0]  ; \process_3:cnt[4]  ; clk        ; clk      ; None                        ; None                      ; 12.024 ns               ;
; N/A                                     ; 78.55 MHz ( period = 12.730 ns )                    ; \process_3:cnt[0]  ; \process_3:cnt[25] ; clk        ; clk      ; None                        ; None                      ; 12.021 ns               ;
; N/A                                     ; 78.55 MHz ( period = 12.730 ns )                    ; \process_3:cnt[6]  ; \process_3:cnt[10] ; clk        ; clk      ; None                        ; None                      ; 12.021 ns               ;
; N/A                                     ; 78.55 MHz ( period = 12.730 ns )                    ; \process_3:cnt[6]  ; \process_3:cnt[5]  ; clk        ; clk      ; None                        ; None                      ; 12.021 ns               ;
; N/A                                     ; 78.59 MHz ( period = 12.724 ns )                    ; \process_3:cnt[12] ; \process_3:cnt[6]  ; clk        ; clk      ; None                        ; None                      ; 12.015 ns               ;
; N/A                                     ; 78.59 MHz ( period = 12.724 ns )                    ; \process_3:cnt[12] ; \process_3:cnt[23] ; clk        ; clk      ; None                        ; None                      ; 12.015 ns               ;
; N/A                                     ; 78.60 MHz ( period = 12.723 ns )                    ; \process_3:cnt[12] ; \process_3:cnt[11] ; clk        ; clk      ; None                        ; None                      ; 12.014 ns               ;
; N/A                                     ; 78.60 MHz ( period = 12.723 ns )                    ; \process_3:cnt[12] ; \process_3:cnt[15] ; clk        ; clk      ; None                        ; None                      ; 12.014 ns               ;
; N/A                                     ; 78.60 MHz ( period = 12.723 ns )                    ; \process_3:cnt[0]  ; \process_3:cnt[17] ; clk        ; clk      ; None                        ; None                      ; 12.014 ns               ;
; N/A                                     ; 78.60 MHz ( period = 12.722 ns )                    ; \process_3:cnt[12] ; \process_3:cnt[16] ; clk        ; clk      ; None                        ; None                      ; 12.013 ns               ;
; N/A                                     ; 78.61 MHz ( period = 12.721 ns )                    ; \process_3:cnt[0]  ; \process_3:cnt[13] ; clk        ; clk      ; None                        ; None                      ; 12.012 ns               ;
; N/A                                     ; 78.64 MHz ( period = 12.716 ns )                    ; \process_3:cnt[8]  ; \process_3:cnt[2]  ; clk        ; clk      ; None                        ; None                      ; 12.007 ns               ;
; N/A                                     ; 78.65 MHz ( period = 12.715 ns )                    ; \process_3:cnt[8]  ; \process_3:cnt[3]  ; clk        ; clk      ; None                        ; None                      ; 12.006 ns               ;
; N/A                                     ; 78.78 MHz ( period = 12.693 ns )                    ; \process_3:cnt[5]  ; \process_3:cnt[22] ; clk        ; clk      ; None                        ; None                      ; 11.984 ns               ;
; N/A                                     ; 78.79 MHz ( period = 12.692 ns )                    ; \process_3:cnt[5]  ; \process_3:cnt[4]  ; clk        ; clk      ; None                        ; None                      ; 11.983 ns               ;
; N/A                                     ; 78.81 MHz ( period = 12.689 ns )                    ; \process_3:cnt[5]  ; \process_3:cnt[25] ; clk        ; clk      ; None                        ; None                      ; 11.980 ns               ;
; N/A                                     ; 78.85 MHz ( period = 12.682 ns )                    ; \process_3:cnt[5]  ; \process_3:cnt[17] ; clk        ; clk      ; None                        ; None                      ; 11.973 ns               ;
; N/A                                     ; 78.86 MHz ( period = 12.680 ns )                    ; \process_3:cnt[5]  ; \process_3:cnt[13] ; clk        ; clk      ; None                        ; None                      ; 11.971 ns               ;
; N/A                                     ; 79.03 MHz ( period = 12.654 ns )                    ; \process_3:cnt[9]  ; \process_3:cnt[8]  ; clk        ; clk      ; None                        ; None                      ; 11.945 ns               ;
; N/A                                     ; 79.06 MHz ( period = 12.649 ns )                    ; \process_3:cnt[9]  ; \process_3:cnt[10] ; clk        ; clk      ; None                        ; None                      ; 11.940 ns               ;
; N/A                                     ; 79.06 MHz ( period = 12.649 ns )                    ; \process_3:cnt[9]  ; \process_3:cnt[5]  ; clk        ; clk      ; None                        ; None                      ; 11.940 ns               ;
; N/A                                     ; 79.10 MHz ( period = 12.642 ns )                    ; \process_3:cnt[7]  ; \process_3:cnt[8]  ; clk        ; clk      ; None                        ; None                      ; 11.933 ns               ;
; N/A                                     ; 79.13 MHz ( period = 12.637 ns )                    ; \process_3:cnt[7]  ; \process_3:cnt[10] ; clk        ; clk      ; None                        ; None                      ; 11.928 ns               ;
; N/A                                     ; 79.13 MHz ( period = 12.637 ns )                    ; \process_3:cnt[7]  ; \process_3:cnt[5]  ; clk        ; clk      ; None                        ; None                      ; 11.928 ns               ;
; N/A                                     ; 79.14 MHz ( period = 12.636 ns )                    ; \process_3:cnt[1]  ; \process_3:cnt[22] ; clk        ; clk      ; None                        ; None                      ; 11.927 ns               ;
; N/A                                     ; 79.15 MHz ( period = 12.635 ns )                    ; \process_3:cnt[1]  ; \process_3:cnt[4]  ; clk        ; clk      ; None                        ; None                      ; 11.926 ns               ;
; N/A                                     ; 79.16 MHz ( period = 12.633 ns )                    ; \process_3:cnt[10] ; \process_3:cnt[14] ; clk        ; clk      ; None                        ; None                      ; 11.924 ns               ;
; N/A                                     ; 79.16 MHz ( period = 12.632 ns )                    ; \process_3:cnt[1]  ; \process_3:cnt[25] ; clk        ; clk      ; None                        ; None                      ; 11.923 ns               ;
; N/A                                     ; 79.16 MHz ( period = 12.632 ns )                    ; \process_3:cnt[10] ; \process_3:cnt[0]  ; clk        ; clk      ; None                        ; None                      ; 11.923 ns               ;
; N/A                                     ; 79.20 MHz ( period = 12.627 ns )                    ; \process_3:cnt[6]  ; \process_3:cnt[14] ; clk        ; clk      ; None                        ; None                      ; 11.918 ns               ;
; N/A                                     ; 79.20 MHz ( period = 12.626 ns )                    ; \process_3:cnt[6]  ; \process_3:cnt[0]  ; clk        ; clk      ; None                        ; None                      ; 11.917 ns               ;
; N/A                                     ; 79.21 MHz ( period = 12.625 ns )                    ; \process_3:cnt[1]  ; \process_3:cnt[17] ; clk        ; clk      ; None                        ; None                      ; 11.916 ns               ;
; N/A                                     ; 79.21 MHz ( period = 12.625 ns )                    ; \process_3:cnt[0]  ; \process_3:cnt[21] ; clk        ; clk      ; None                        ; None                      ; 11.916 ns               ;
; N/A                                     ; 79.21 MHz ( period = 12.624 ns )                    ; \process_3:cnt[10] ; timeclk            ; clk        ; clk      ; None                        ; None                      ; 11.915 ns               ;
; N/A                                     ; 79.22 MHz ( period = 12.623 ns )                    ; \process_3:cnt[1]  ; \process_3:cnt[13] ; clk        ; clk      ; None                        ; None                      ; 11.914 ns               ;
; N/A                                     ; 79.24 MHz ( period = 12.620 ns )                    ; \process_3:cnt[10] ; \process_3:cnt[1]  ; clk        ; clk      ; None                        ; None                      ; 11.911 ns               ;
; N/A                                     ; 79.25 MHz ( period = 12.618 ns )                    ; \process_3:cnt[6]  ; timeclk            ; clk        ; clk      ; None                        ; None                      ; 11.909 ns               ;
; N/A                                     ; 79.28 MHz ( period = 12.614 ns )                    ; \process_3:cnt[4]  ; \process_3:cnt[22] ; clk        ; clk      ; None                        ; None                      ; 11.905 ns               ;
; N/A                                     ; 79.28 MHz ( period = 12.614 ns )                    ; \process_3:cnt[6]  ; \process_3:cnt[1]  ; clk        ; clk      ; None                        ; None                      ; 11.905 ns               ;
; N/A                                     ; 79.28 MHz ( period = 12.613 ns )                    ; \process_3:cnt[4]  ; \process_3:cnt[4]  ; clk        ; clk      ; None                        ; None                      ; 11.904 ns               ;
; N/A                                     ; 79.30 MHz ( period = 12.610 ns )                    ; \process_3:cnt[4]  ; \process_3:cnt[25] ; clk        ; clk      ; None                        ; None                      ; 11.901 ns               ;
; N/A                                     ; 79.35 MHz ( period = 12.603 ns )                    ; \process_3:cnt[4]  ; \process_3:cnt[17] ; clk        ; clk      ; None                        ; None                      ; 11.894 ns               ;
; N/A                                     ; 79.36 MHz ( period = 12.601 ns )                    ; \process_3:cnt[4]  ; \process_3:cnt[13] ; clk        ; clk      ; None                        ; None                      ; 11.892 ns               ;
; N/A                                     ; 79.42 MHz ( period = 12.591 ns )                    ; \process_3:cnt[11] ; \process_3:cnt[8]  ; clk        ; clk      ; None                        ; None                      ; 11.882 ns               ;
; N/A                                     ; 79.45 MHz ( period = 12.586 ns )                    ; \process_3:cnt[11] ; \process_3:cnt[10] ; clk        ; clk      ; None                        ; None                      ; 11.877 ns               ;
; N/A                                     ; 79.45 MHz ( period = 12.586 ns )                    ; \process_3:cnt[11] ; \process_3:cnt[5]  ; clk        ; clk      ; None                        ; None                      ; 11.877 ns               ;
; N/A                                     ; 79.47 MHz ( period = 12.584 ns )                    ; \process_3:cnt[5]  ; \process_3:cnt[21] ; clk        ; clk      ; None                        ; None                      ; 11.875 ns               ;
; N/A                                     ; 79.54 MHz ( period = 12.573 ns )                    ; \process_3:cnt[13] ; \process_3:cnt[8]  ; clk        ; clk      ; None                        ; None                      ; 11.864 ns               ;
; N/A                                     ; 79.54 MHz ( period = 12.573 ns )                    ; \process_3:cnt[10] ; \process_3:cnt[18] ; clk        ; clk      ; None                        ; None                      ; 11.864 ns               ;
; N/A                                     ; 79.54 MHz ( period = 12.573 ns )                    ; \process_3:cnt[10] ; \process_3:cnt[19] ; clk        ; clk      ; None                        ; None                      ; 11.864 ns               ;
; N/A                                     ; 79.57 MHz ( period = 12.568 ns )                    ; \process_3:cnt[16] ; \process_3:cnt[6]  ; clk        ; clk      ; None                        ; None                      ; 11.859 ns               ;
; N/A                                     ; 79.57 MHz ( period = 12.568 ns )                    ; \process_3:cnt[16] ; \process_3:cnt[23] ; clk        ; clk      ; None                        ; None                      ; 11.859 ns               ;
; N/A                                     ; 79.57 MHz ( period = 12.568 ns )                    ; \process_3:cnt[13] ; \process_3:cnt[10] ; clk        ; clk      ; None                        ; None                      ; 11.859 ns               ;
; N/A                                     ; 79.57 MHz ( period = 12.568 ns )                    ; \process_3:cnt[13] ; \process_3:cnt[5]  ; clk        ; clk      ; None                        ; None                      ; 11.859 ns               ;
; N/A                                     ; 79.57 MHz ( period = 12.567 ns )                    ; \process_3:cnt[16] ; \process_3:cnt[11] ; clk        ; clk      ; None                        ; None                      ; 11.858 ns               ;
; N/A                                     ; 79.57 MHz ( period = 12.567 ns )                    ; \process_3:cnt[16] ; \process_3:cnt[15] ; clk        ; clk      ; None                        ; None                      ; 11.858 ns               ;
; N/A                                     ; 79.57 MHz ( period = 12.567 ns )                    ; \process_3:cnt[6]  ; \process_3:cnt[18] ; clk        ; clk      ; None                        ; None                      ; 11.858 ns               ;
; N/A                                     ; 79.57 MHz ( period = 12.567 ns )                    ; \process_3:cnt[6]  ; \process_3:cnt[19] ; clk        ; clk      ; None                        ; None                      ; 11.858 ns               ;
; N/A                                     ; 79.58 MHz ( period = 12.566 ns )                    ; \process_3:cnt[16] ; \process_3:cnt[16] ; clk        ; clk      ; None                        ; None                      ; 11.857 ns               ;
; N/A                                     ; 79.64 MHz ( period = 12.556 ns )                    ; \process_3:cnt[3]  ; \process_3:cnt[6]  ; clk        ; clk      ; None                        ; None                      ; 11.847 ns               ;
; N/A                                     ; 79.64 MHz ( period = 12.556 ns )                    ; \process_3:cnt[3]  ; \process_3:cnt[23] ; clk        ; clk      ; None                        ; None                      ; 11.847 ns               ;
; N/A                                     ; 79.64 MHz ( period = 12.556 ns )                    ; \process_3:cnt[10] ; \process_3:cnt[12] ; clk        ; clk      ; None                        ; None                      ; 11.847 ns               ;
; N/A                                     ; 79.65 MHz ( period = 12.555 ns )                    ; \process_3:cnt[3]  ; \process_3:cnt[11] ; clk        ; clk      ; None                        ; None                      ; 11.846 ns               ;
; N/A                                     ; 79.65 MHz ( period = 12.555 ns )                    ; \process_3:cnt[3]  ; \process_3:cnt[15] ; clk        ; clk      ; None                        ; None                      ; 11.846 ns               ;
; N/A                                     ; 79.66 MHz ( period = 12.554 ns )                    ; \process_3:cnt[3]  ; \process_3:cnt[16] ; clk        ; clk      ; None                        ; None                      ; 11.845 ns               ;
; N/A                                     ; 79.68 MHz ( period = 12.550 ns )                    ; \process_3:cnt[6]  ; \process_3:cnt[12] ; clk        ; clk      ; None                        ; None                      ; 11.841 ns               ;
; N/A                                     ; 79.71 MHz ( period = 12.546 ns )                    ; \process_3:cnt[9]  ; \process_3:cnt[14] ; clk        ; clk      ; None                        ; None                      ; 11.837 ns               ;
; Timing analysis restricted to 200 rows. ; To change the limit use Settings (Assignments menu) ;                    ;                    ;            ;          ;                             ;                           ;                         ;
+-----------------------------------------+-----------------------------------------------------+--------------------+--------------------+------------+----------+-----------------------------+---------------------------+-------------------------+


+----------------------------------------------------------------------------------------------------------------------------------------------------------------------------------------------+
; Clock Hold: 'clk'                                                                                                                                                                            ;
+------------------------------------------+--------------+-----------------------+------------+----------+----------------------------+----------------------------+--------------------------+
; Minimum Slack                            ; From         ; To                    ; From Clock ; To Clock ; Required Hold Relationship ; Required Shortest P2P Time ; Actual Shortest P2P Time ;
+------------------------------------------+--------------+-----------------------+------------+----------+----------------------------+----------------------------+--------------------------+
; Not operational: Clock Skew > Data Delay ; data[2]      ; led_disp:u|dataout[0] ; clk        ; clk      ; None                       ; None                       ; 3.903 ns                 ;
; Not operational: Clock Skew > Data Delay ; data[0]      ; led_disp:u|dataout[0] ; clk        ; clk      ; None                       ; None                       ; 4.181 ns                 ;
; Not operational: Clock Skew > Data Delay ; data[1]      ; led_disp:u|dataout[0] ; clk        ; clk      ; None                       ; None                       ; 4.328 ns                 ;
; Not operational: Clock Skew > Data Delay ; data[3]      ; led_disp:u|dataout[0] ; clk        ; clk      ; None                       ; None                       ; 4.525 ns                 ;
; Not operational: Clock Skew > Data Delay ; data[2]      ; led_disp:u|dataout[4] ; clk        ; clk      ; None                       ; None                       ; 4.112 ns                 ;
; Not operational: Clock Skew > Data Delay ; data[0]      ; led_disp:u|dataout[4] ; clk        ; clk      ; None                       ; None                       ; 4.367 ns                 ;
; Not operational: Clock Skew > Data Delay ; data[2]      ; led_disp:u|dataout[5] ; clk        ; clk      ; None                       ; None                       ; 4.939 ns                 ;
; Not operational: Clock Skew > Data Delay ; data[2]      ; led_disp:u|dataout[3] ; clk        ; clk      ; None                       ; None                       ; 4.976 ns                 ;
; Not operational: Clock Skew > Data Delay ; key_temp0[1] ; sec1[3]               ; clk        ; clk      ; None                       ; None                       ; 2.925 ns                 ;
; Not operational: Clock Skew > Data Delay ; key_temp0[1] ; sec1[0]               ; clk        ; clk      ; None                       ; None                       ; 2.925 ns                 ;
; Not operational: Clock Skew > Data Delay ; key_temp0[1] ; sec1[1]               ; clk        ; clk      ; None                       ; None                       ; 2.925 ns                 ;
; Not operational: Clock Skew > Data Delay ; key_temp0[1] ; sec1[2]               ; clk        ; clk      ; None                       ; None                       ; 2.925 ns                 ;
; Not operational: Clock Skew > Data Delay ; data[1]      ; led_disp:u|dataout[4] ; clk        ; clk      ; None                       ; None                       ; 4.545 ns                 ;
; Not operational: Clock Skew > Data Delay ; data[2]      ; led_disp:u|dataout[1] ; clk        ; clk      ; None                       ; None                       ; 5.064 ns                 ;
; Not operational: Clock Skew > Data Delay ; data[0]      ; led_disp:u|dataout[5] ; clk        ; clk      ; None                       ; None                       ; 5.200 ns                 ;
; Not operational: Clock Skew > Data Delay ; data[0]      ; led_disp:u|dataout[3] ; clk        ; clk      ; None                       ; None                       ; 5.254 ns                 ;
; Not operational: Clock Skew > Data Delay ; data[3]      ; led_disp:u|dataout[4] ; clk        ; clk      ; None                       ; None                       ; 4.741 ns                 ;
; Not operational: Clock Skew > Data Delay ; data[0]      ; led_disp:u|dataout[1] ; clk        ; clk      ; None                       ; None                       ; 5.317 ns                 ;
; Not operational: Clock Skew > Data Delay ; data[1]      ; led_disp:u|dataout[5] ; clk        ; clk      ; None                       ; None                       ; 5.370 ns                 ;
; Not operational: Clock Skew > Data Delay ; data[1]      ; led_disp:u|dataout[3] ; clk        ; clk      ; None                       ; None                       ; 5.395 ns                 ;
; Not operational: Clock Skew > Data Delay ; data[1]      ; led_disp:u|dataout[1] ; clk        ; clk      ; None                       ; None                       ; 5.496 ns                 ;
; Not operational: Clock Skew > Data Delay ; data[3]      ; led_disp:u|dataout[5] ; clk        ; clk      ; None                       ; None                       ; 5.566 ns                 ;
; Not operational: Clock Skew > Data Delay ; key_temp0[0] ; sec1[3]               ; clk        ; clk      ; None                       ; None                       ; 3.449 ns                 ;
; Not operational: Clock Skew > Data Delay ; key_temp0[0] ; sec1[0]               ; clk        ; clk      ; None                       ; None                       ; 3.449 ns                 ;
; Not operational: Clock Skew > Data Delay ; key_temp0[0] ; sec1[1]               ; clk        ; clk      ; None                       ; None                       ; 3.449 ns                 ;
; Not operational: Clock Skew > Data Delay ; key_temp0[0] ; sec1[2]               ; clk        ; clk      ; None                       ; None                       ; 3.449 ns                 ;
; Not operational: Clock Skew > Data Delay ; data[2]      ; led_disp:u|dataout[2] ; clk        ; clk      ; None                       ; None                       ; 5.057 ns                 ;
; Not operational: Clock Skew > Data Delay ; data[3]      ; led_disp:u|dataout[3] ; clk        ; clk      ; None                       ; None                       ; 5.593 ns                 ;
; Not operational: Clock Skew > Data Delay ; data[3]      ; led_disp:u|dataout[1] ; clk        ; clk      ; None                       ; None                       ; 5.691 ns                 ;
; Not operational: Clock Skew > Data Delay ; data[2]      ; led_disp:u|dataout[6] ; clk        ; clk      ; None                       ; None                       ; 5.253 ns                 ;
; Not operational: Clock Skew > Data Delay ; key_temp0[2] ; sec10[1]              ; clk        ; clk      ; None                       ; None                       ; 3.684 ns                 ;
; Not operational: Clock Skew > Data Delay ; key_temp0[2] ; sec10[0]              ; clk        ; clk      ; None                       ; None                       ; 3.684 ns                 ;
; Not operational: Clock Skew > Data Delay ; key_temp0[2] ; sec10[2]              ; clk        ; clk      ; None                       ; None                       ; 3.684 ns                 ;
; Not operational: Clock Skew > Data Delay ; data[0]      ; led_disp:u|dataout[2] ; clk        ; clk      ; None                       ; None                       ; 5.311 ns                 ;
; Not operational: Clock Skew > Data Delay ; data[1]      ; led_disp:u|dataout[2] ; clk        ; clk      ; None                       ; None                       ; 5.490 ns                 ;
; Not operational: Clock Skew > Data Delay ; data[0]      ; led_disp:u|dataout[6] ; clk        ; clk      ; None                       ; None                       ; 5.510 ns                 ;
; Not operational: Clock Skew > Data Delay ; data[3]      ; led_disp:u|dataout[2] ; clk        ; clk      ; None                       ; None                       ; 5.685 ns                 ;
; Not operational: Clock Skew > Data Delay ; data[1]      ; led_disp:u|dataout[6] ; clk        ; clk      ; None                       ; None                       ; 5.684 ns                 ;
; Not operational: Clock Skew > Data Delay ; key_temp0[2] ; sec1[3]               ; clk        ; clk      ; None                       ; None                       ; 4.191 ns                 ;
; Not operational: Clock Skew > Data Delay ; key_temp0[2] ; sec1[0]               ; clk        ; clk      ; None                       ; None                       ; 4.191 ns                 ;
; Not operational: Clock Skew > Data Delay ; key_temp0[2] ; sec1[1]               ; clk        ; clk      ; None                       ; None                       ; 4.191 ns                 ;
; Not operational: Clock Skew > Data Delay ; key_temp0[2] ; sec1[2]               ; clk        ; clk      ; None                       ; None                       ; 4.191 ns                 ;
; Not operational: Clock Skew > Data Delay ; data[3]      ; led_disp:u|dataout[6] ; clk        ; clk      ; None                       ; None                       ; 5.880 ns                 ;
; Not operational: Clock Skew > Data Delay ; key_temp0[2] ; min1[0]               ; clk        ; clk      ; None                       ; None                       ; 4.680 ns                 ;
; Not operational: Clock Skew > Data Delay ; key_temp0[2] ; min1[2]               ; clk        ; clk      ; None                       ; None                       ; 4.680 ns                 ;
; Not operational: Clock Skew > Data Delay ; key_temp0[2] ; min1[3]               ; clk        ; clk      ; None                       ; None                       ; 4.680 ns                 ;
; Not operational: Clock Skew > Data Delay ; key_temp0[2] ; min1[1]               ; clk        ; clk      ; None                       ; None                       ; 4.680 ns                 ;
; Not operational: Clock Skew > Data Delay ; key_temp0[1] ; sec10[1]              ; clk        ; clk      ; None                       ; None                       ; 4.767 ns                 ;
; Not operational: Clock Skew > Data Delay ; key_temp0[1] ; sec10[0]              ; clk        ; clk      ; None                       ; None                       ; 4.767 ns                 ;
; Not operational: Clock Skew > Data Delay ; key_temp0[1] ; sec10[2]              ; clk        ; clk      ; None                       ; None                       ; 4.767 ns                 ;
; Not operational: Clock Skew > Data Delay ; key_temp0[0] ; sec10[1]              ; clk        ; clk      ; None                       ; None                       ; 4.899 ns                 ;
; Not operational: Clock Skew > Data Delay ; key_temp0[0] ; sec10[0]              ; clk        ; clk      ; None                       ; None                       ; 4.899 ns                 ;
; Not operational: Clock Skew > Data Delay ; key_temp0[0] ; sec10[2]              ; clk        ; clk      ; None                       ; None                       ; 4.899 ns                 ;
+------------------------------------------+--------------+-----------------------+------------+----------+----------------------------+----------------------------+--------------------------+


+-------------------------------------------------------------------------+
; tsu                                                                     ;
+-------+--------------+------------+-----------+--------------+----------+
; Slack ; Required tsu ; Actual tsu ; From      ; To           ; To Clock ;
+-------+--------------+------------+-----------+--------------+----------+
; N/A   ; None         ; 4.379 ns   ; ctrlin[0] ; key_temp0[2] ; clk      ;
; N/A   ; None         ; 4.379 ns   ; ctrlin[0] ; key_temp0[1] ; clk      ;
; N/A   ; None         ; 4.379 ns   ; ctrlin[0] ; key_temp0[0] ; clk      ;
; N/A   ; None         ; 4.346 ns   ; ctrlin[2] ; key_temp0[2] ; clk      ;
; N/A   ; None         ; 4.346 ns   ; ctrlin[2] ; key_temp0[1] ; clk      ;
; N/A   ; None         ; 4.346 ns   ; ctrlin[2] ; key_temp0[0] ; clk      ;
; N/A   ; None         ; 4.306 ns   ; ctrlin[1] ; key_temp0[2] ; clk      ;
; N/A   ; None         ; 4.306 ns   ; ctrlin[1] ; key_temp0[1] ; clk      ;
; N/A   ; None         ; 4.306 ns   ; ctrlin[1] ; key_temp0[0] ; clk      ;
+-------+--------------+------------+-----------+--------------+----------+


+-----------------------------------------------------------------------------------+
; tco                                                                               ;
+-------+--------------+------------+-----------------------+----------+------------+
; Slack ; Required tco ; Actual tco ; From                  ; To       ; From Clock ;
+-------+--------------+------------+-----------------------+----------+------------+
; N/A   ; None         ; 20.248 ns  ; led_disp:u|dataout[5] ; disp[5]  ; clk        ;
; N/A   ; None         ; 20.039 ns  ; led_disp:u|dataout[0] ; disp[0]  ; clk        ;
; N/A   ; None         ; 19.756 ns  ; led_disp:u|dataout[3] ; disp[3]  ; clk        ;
; N/A   ; None         ; 19.739 ns  ; led_disp:u|dataout[6] ; disp[6]  ; clk        ;
; N/A   ; None         ; 19.735 ns  ; led_disp:u|dataout[1] ; disp[1]  ; clk        ;
; N/A   ; None         ; 19.263 ns  ; led_disp:u|dataout[4] ; disp[4]  ; clk        ;
; N/A   ; None         ; 19.232 ns  ; led_disp:u|dataout[2] ; disp[2]  ; clk        ;
; N/A   ; None         ; 12.480 ns  ; ledcs[0]~reg0         ; ledcs[0] ; clk        ;
; N/A   ; None         ; 12.472 ns  ; ledcs[1]~reg0         ; ledcs[1] ; clk        ;
; N/A   ; None         ; 12.462 ns  ; ledcs[3]~reg0         ; ledcs[3] ; clk        ;
; N/A   ; None         ; 12.448 ns  ; ledcs[2]~reg0         ; ledcs[2] ; clk        ;
+-------+--------------+------------+-----------------------+----------+------------+


+-------------------------------------------------------------------------------+
; th                                                                            ;
+---------------+-------------+-----------+-----------+--------------+----------+
; Minimum Slack ; Required th ; Actual th ; From      ; To           ; To Clock ;
+---------------+-------------+-----------+-----------+--------------+----------+
; N/A           ; None        ; -1.506 ns ; ctrlin[2] ; key_temp0[2] ; clk      ;
; N/A           ; None        ; -1.653 ns ; ctrlin[1] ; key_temp0[1] ; clk      ;
; N/A           ; None        ; -2.064 ns ; ctrlin[0] ; key_temp0[0] ; clk      ;
; N/A           ; None        ; -3.752 ns ; ctrlin[1] ; key_temp0[2] ; clk      ;
; N/A           ; None        ; -3.752 ns ; ctrlin[1] ; key_temp0[0] ; clk      ;
; N/A           ; None        ; -3.792 ns ; ctrlin[2] ; key_temp0[1] ; clk      ;
; N/A           ; None        ; -3.792 ns ; ctrlin[2] ; key_temp0[0] ; clk      ;
; N/A           ; None        ; -3.825 ns ; ctrlin[0] ; key_temp0[2] ; clk      ;
; N/A           ; None        ; -3.825 ns ; ctrlin[0] ; key_temp0[1] ; clk      ;
+---------------+-------------+-----------+-----------+--------------+----------+


+--------------------------+
; Timing Analyzer Messages ;
+--------------------------+
Info: *******************************************************************
Info: Running Quartus II Classic Timing Analyzer
    Info: Version 9.0 Build 235 06/17/2009 Service Pack 2 SJ Web Edition
    Info: Processing started: Tue Jun 26 11:53:53 2018
Info: Command: quartus_tan --read_settings_files=off --write_settings_files=off C_CLOCK -c C_CLOCK
Info: Started post-fitting delay annotation
Info: Delay annotation completed successfully
Warning: Timing Analysis is analyzing one or more combinational loops as latches
    Warning: Node "led_disp:u|dataout[0]" is a latch
    Warning: Node "led_disp:u|dataout[1]" is a latch
    Warning: Node "led_disp:u|dataout[2]" is a latch
    Warning: Node "led_disp:u|dataout[3]" is a latch
    Warning: Node "led_disp:u|dataout[4]" is a latch
    Warning: Node "led_disp:u|dataout[5]" is a latch
    Warning: Node "led_disp:u|dataout[6]" is a latch
Warning: Found pins functioning as undefined clocks and/or memory enables
    Info: Assuming node "clk" is an undefined clock
Warning: Found 7 node(s) in clock paths which may be acting as ripple and/or gated clocks -- node(s) analyzed as buffer(s) resulting in clock skew
    Info: Detected ripple clock "timeclk" as buffer
    Info: Detected gated clock "led_disp:u|Mux7~0" as buffer
    Info: Detected ripple clock "data[3]" as buffer
    Info: Detected ripple clock "data[2]" as buffer
    Info: Detected ripple clock "data[1]" as buffer
    Info: Detected ripple clock "data[0]" as buffer
    Info: Detected ripple clock "clk_1k" as buffer
Info: Clock "clk" has Internal fmax of 73.66 MHz between source register "\process_3:cnt[0]" and destination register "\process_3:cnt[6]" (period= 13.576 ns)
    Info: + Longest register to register delay is 12.867 ns
        Info: 1: + IC(0.000 ns) + CELL(0.000 ns) = 0.000 ns; Loc. = LC_X3_Y3_N6; Fanout = 3; REG Node = '\process_3:cnt[0]'
        Info: 2: + IC(1.952 ns) + CELL(0.747 ns) = 2.699 ns; Loc. = LC_X2_Y1_N2; Fanout = 2; COMB Node = 'Add3~51'
        Info: 3: + IC(0.000 ns) + CELL(0.123 ns) = 2.822 ns; Loc. = LC_X2_Y1_N3; Fanout = 2; COMB Node = 'Add3~49'
        Info: 4: + IC(0.000 ns) + CELL(0.261 ns) = 3.083 ns; Loc. = LC_X2_Y1_N4; Fanout = 6; COMB Node = 'Add3~47'
        Info: 5: + IC(0.000 ns) + CELL(0.349 ns) = 3.432 ns; Loc. = LC_X2_Y1_N9; Fanout = 6; COMB Node = 'Add3~1'
        Info: 6: + IC(0.000 ns) + CELL(0.246 ns) = 3.678 ns; Loc. = LC_X3_Y1_N4; Fanout = 6; COMB Node = 'Add3~13'
        Info: 7: + IC(0.000 ns) + CELL(0.975 ns) = 4.653 ns; Loc. = LC_X3_Y1_N5; Fanout = 2; COMB Node = 'Add3~14'
        Info: 8: + IC(1.987 ns) + CELL(0.914 ns) = 7.554 ns; Loc. = LC_X3_Y2_N5; Fanout = 2; COMB Node = 'LessThan3~1'
        Info: 9: + IC(0.773 ns) + CELL(0.511 ns) = 8.838 ns; Loc. = LC_X3_Y2_N0; Fanout = 1; COMB Node = 'LessThan4~0'
        Info: 10: + IC(0.305 ns) + CELL(0.200 ns) = 9.343 ns; Loc. = LC_X3_Y2_N1; Fanout = 1; COMB Node = 'LessThan4~1'
        Info: 11: + IC(0.305 ns) + CELL(0.200 ns) = 9.848 ns; Loc. = LC_X3_Y2_N2; Fanout = 25; COMB Node = 'cnt~156'
        Info: 12: + IC(2.428 ns) + CELL(0.591 ns) = 12.867 ns; Loc. = LC_X5_Y1_N8; Fanout = 3; REG Node = '\process_3:cnt[6]'
        Info: Total cell delay = 5.117 ns ( 39.77 % )
        Info: Total interconnect delay = 7.750 ns ( 60.23 % )
    Info: - Smallest clock skew is 0.000 ns
        Info: + Shortest clock path from clock "clk" to destination register is 3.348 ns
            Info: 1: + IC(0.000 ns) + CELL(1.163 ns) = 1.163 ns; Loc. = PIN_12; Fanout = 69; CLK Node = 'clk'
            Info: 2: + IC(1.267 ns) + CELL(0.918 ns) = 3.348 ns; Loc. = LC_X5_Y1_N8; Fanout = 3; REG Node = '\process_3:cnt[6]'
            Info: Total cell delay = 2.081 ns ( 62.16 % )
            Info: Total interconnect delay = 1.267 ns ( 37.84 % )
        Info: - Longest clock path from clock "clk" to source register is 3.348 ns
            Info: 1: + IC(0.000 ns) + CELL(1.163 ns) = 1.163 ns; Loc. = PIN_12; Fanout = 69; CLK Node = 'clk'
            Info: 2: + IC(1.267 ns) + CELL(0.918 ns) = 3.348 ns; Loc. = LC_X3_Y3_N6; Fanout = 3; REG Node = '\process_3:cnt[0]'
            Info: Total cell delay = 2.081 ns ( 62.16 % )
            Info: Total interconnect delay = 1.267 ns ( 37.84 % )
    Info: + Micro clock to output delay of source is 0.376 ns
    Info: + Micro setup delay of destination is 0.333 ns
Warning: Circuit may not operate. Detected 53 non-operational path(s) clocked by clock "clk" with clock skew larger than data delay. See Compilation Report for details.
Info: Found hold time violation between source  pin or register "data[2]" and destination pin or register "led_disp:u|dataout[0]" for clock "clk" (Hold time is 3.41 ns)
    Info: + Largest clock skew is 7.689 ns
        Info: + Longest clock path from clock "clk" to destination register is 15.590 ns
            Info: 1: + IC(0.000 ns) + CELL(1.163 ns) = 1.163 ns; Loc. = PIN_12; Fanout = 69; CLK Node = 'clk'
            Info: 2: + IC(1.267 ns) + CELL(1.294 ns) = 3.724 ns; Loc. = LC_X4_Y3_N3; Fanout = 12; REG Node = 'clk_1k'
            Info: 3: + IC(3.259 ns) + CELL(1.294 ns) = 8.277 ns; Loc. = LC_X2_Y4_N6; Fanout = 8; REG Node = 'data[3]'
            Info: 4: + IC(2.230 ns) + CELL(0.740 ns) = 11.247 ns; Loc. = LC_X2_Y3_N9; Fanout = 7; COMB Node = 'led_disp:u|Mux7~0'
            Info: 5: + IC(3.603 ns) + CELL(0.740 ns) = 15.590 ns; Loc. = LC_X2_Y3_N8; Fanout = 1; REG Node = 'led_disp:u|dataout[0]'
            Info: Total cell delay = 5.231 ns ( 33.55 % )
            Info: Total interconnect delay = 10.359 ns ( 66.45 % )
        Info: - Shortest clock path from clock "clk" to source register is 7.901 ns
            Info: 1: + IC(0.000 ns) + CELL(1.163 ns) = 1.163 ns; Loc. = PIN_12; Fanout = 69; CLK Node = 'clk'
            Info: 2: + IC(1.267 ns) + CELL(1.294 ns) = 3.724 ns; Loc. = LC_X4_Y3_N3; Fanout = 12; REG Node = 'clk_1k'
            Info: 3: + IC(3.259 ns) + CELL(0.918 ns) = 7.901 ns; Loc. = LC_X2_Y4_N8; Fanout = 8; REG Node = 'data[2]'
            Info: Total cell delay = 3.375 ns ( 42.72 % )
            Info: Total interconnect delay = 4.526 ns ( 57.28 % )
    Info: - Micro clock to output delay of source is 0.376 ns
    Info: - Shortest register to register delay is 3.903 ns
        Info: 1: + IC(0.000 ns) + CELL(0.000 ns) = 0.000 ns; Loc. = LC_X2_Y4_N8; Fanout = 8; REG Node = 'data[2]'
        Info: 2: + IC(2.436 ns) + CELL(0.200 ns) = 2.636 ns; Loc. = LC_X2_Y3_N6; Fanout = 1; COMB Node = 'led_disp:u|Mux0~3'
        Info: 3: + IC(0.756 ns) + CELL(0.511 ns) = 3.903 ns; Loc. = LC_X2_Y3_N8; Fanout = 1; REG Node = 'led_disp:u|dataout[0]'
        Info: Total cell delay = 0.711 ns ( 18.22 % )
        Info: Total interconnect delay = 3.192 ns ( 81.78 % )
    Info: + Micro hold delay of destination is 0.000 ns
Info: tsu for register "key_temp0[2]" (data pin = "ctrlin[0]", clock pin = "clk") is 4.379 ns
    Info: + Longest pin to register delay is 7.394 ns
        Info: 1: + IC(0.000 ns) + CELL(1.132 ns) = 1.132 ns; Loc. = PIN_57; Fanout = 2; PIN Node = 'ctrlin[0]'
        Info: 2: + IC(1.791 ns) + CELL(0.914 ns) = 3.837 ns; Loc. = LC_X6_Y2_N6; Fanout = 23; COMB Node = 'Equal0~0'
        Info: 3: + IC(0.305 ns) + CELL(0.200 ns) = 4.342 ns; Loc. = LC_X6_Y2_N7; Fanout = 3; COMB Node = 'key_temp0[2]~3'
        Info: 4: + IC(1.809 ns) + CELL(1.243 ns) = 7.394 ns; Loc. = LC_X7_Y3_N5; Fanout = 3; REG Node = 'key_temp0[2]'
        Info: Total cell delay = 3.489 ns ( 47.19 % )
        Info: Total interconnect delay = 3.905 ns ( 52.81 % )
    Info: + Micro setup delay of destination is 0.333 ns
    Info: - Shortest clock path from clock "clk" to destination register is 3.348 ns
        Info: 1: + IC(0.000 ns) + CELL(1.163 ns) = 1.163 ns; Loc. = PIN_12; Fanout = 69; CLK Node = 'clk'
        Info: 2: + IC(1.267 ns) + CELL(0.918 ns) = 3.348 ns; Loc. = LC_X7_Y3_N5; Fanout = 3; REG Node = 'key_temp0[2]'
        Info: Total cell delay = 2.081 ns ( 62.16 % )
        Info: Total interconnect delay = 1.267 ns ( 37.84 % )
Info: tco from clock "clk" to destination pin "disp[5]" through register "led_disp:u|dataout[5]" is 20.248 ns
    Info: + Longest clock path from clock "clk" to source register is 15.575 ns
        Info: 1: + IC(0.000 ns) + CELL(1.163 ns) = 1.163 ns; Loc. = PIN_12; Fanout = 69; CLK Node = 'clk'
        Info: 2: + IC(1.267 ns) + CELL(1.294 ns) = 3.724 ns; Loc. = LC_X4_Y3_N3; Fanout = 12; REG Node = 'clk_1k'
        Info: 3: + IC(3.259 ns) + CELL(1.294 ns) = 8.277 ns; Loc. = LC_X2_Y4_N6; Fanout = 8; REG Node = 'data[3]'
        Info: 4: + IC(2.230 ns) + CELL(0.740 ns) = 11.247 ns; Loc. = LC_X2_Y3_N9; Fanout = 7; COMB Node = 'led_disp:u|Mux7~0'
        Info: 5: + IC(3.588 ns) + CELL(0.740 ns) = 15.575 ns; Loc. = LC_X5_Y3_N8; Fanout = 1; REG Node = 'led_disp:u|dataout[5]'
        Info: Total cell delay = 5.231 ns ( 33.59 % )
        Info: Total interconnect delay = 10.344 ns ( 66.41 % )
    Info: + Micro clock to output delay of source is 0.000 ns
    Info: + Longest register to pin delay is 4.673 ns
        Info: 1: + IC(0.000 ns) + CELL(0.000 ns) = 0.000 ns; Loc. = LC_X5_Y3_N8; Fanout = 1; REG Node = 'led_disp:u|dataout[5]'
        Info: 2: + IC(2.351 ns) + CELL(2.322 ns) = 4.673 ns; Loc. = PIN_4; Fanout = 0; PIN Node = 'disp[5]'
        Info: Total cell delay = 2.322 ns ( 49.69 % )
        Info: Total interconnect delay = 2.351 ns ( 50.31 % )
Info: th for register "key_temp0[2]" (data pin = "ctrlin[2]", clock pin = "clk") is -1.506 ns
    Info: + Longest clock path from clock "clk" to destination register is 3.348 ns
        Info: 1: + IC(0.000 ns) + CELL(1.163 ns) = 1.163 ns; Loc. = PIN_12; Fanout = 69; CLK Node = 'clk'
        Info: 2: + IC(1.267 ns) + CELL(0.918 ns) = 3.348 ns; Loc. = LC_X7_Y3_N5; Fanout = 3; REG Node = 'key_temp0[2]'
        Info: Total cell delay = 2.081 ns ( 62.16 % )
        Info: Total interconnect delay = 1.267 ns ( 37.84 % )
    Info: + Micro hold delay of destination is 0.221 ns
    Info: - Shortest pin to register delay is 5.075 ns
        Info: 1: + IC(0.000 ns) + CELL(1.132 ns) = 1.132 ns; Loc. = PIN_61; Fanout = 2; PIN Node = 'ctrlin[2]'
        Info: 2: + IC(3.663 ns) + CELL(0.280 ns) = 5.075 ns; Loc. = LC_X7_Y3_N5; Fanout = 3; REG Node = 'key_temp0[2]'
        Info: Total cell delay = 1.412 ns ( 27.82 % )
        Info: Total interconnect delay = 3.663 ns ( 72.18 % )
Info: Quartus II Classic Timing Analyzer was successful. 0 errors, 11 warnings
    Info: Peak virtual memory: 165 megabytes
    Info: Processing ended: Tue Jun 26 11:53:53 2018
    Info: Elapsed time: 00:00:00
    Info: Total CPU time (on all processors): 00:00:00


