Analysis & Synthesis report for C_CLOCK
Tue Jun 26 11:53:49 2018
Quartus II Version 9.0 Build 235 06/17/2009 Service Pack 2 SJ Web Edition


---------------------
; Table of Contents ;
---------------------
  1. Legal Notice
  2. Analysis & Synthesis Summary
  3. Analysis & Synthesis Settings
  4. Analysis & Synthesis Source Files Read
  5. Analysis & Synthesis Resource Usage Summary
  6. Analysis & Synthesis Resource Utilization by Entity
  7. User-Specified and Inferred Latches
  8. Registers Removed During Synthesis
  9. General Register Statistics
 10. Multiplexer Restructuring Statistics (Restructuring Performed)
 11. Analysis & Synthesis Messages



----------------
; Legal Notice ;
----------------
Copyright (C) 1991-2009 Altera Corporation
Your use of Altera Corporation's design tools, logic functions 
and other software and tools, and its AMPP partner logic 
functions, and any output files from any of the foregoing 
(including device programming or simulation files), and any 
associated documentation or information are expressly subject 
to the terms and conditions of the Altera Program License 
Subscription Agreement, Altera MegaCore Function License 
Agreement, or other applicable license agreement, including, 
without limitation, that your use is for the sole purpose of 
programming logic devices manufactured by Altera and sold by 
Altera or its authorized distributors.  Please refer to the 
applicable agreement for further details.



+----------------------------------------------------------------------------+
; Analysis & Synthesis Summary                                               ;
+-----------------------------+----------------------------------------------+
; Analysis & Synthesis Status ; Successful - Tue Jun 26 11:53:49 2018        ;
; Quartus II Version          ; 9.0 Build 235 06/17/2009 SP 2 SJ Web Edition ;
; Revision Name               ; C_CLOCK                                      ;
; Top-level Entity Name       ; C_CLOCK                                      ;
; Family                      ; MAX II                                       ;
; Total logic elements        ; 189                                          ;
; Total pins                  ; 16                                           ;
; Total virtual pins          ; 0                                            ;
; UFM blocks                  ; 0 / 1 ( 0 % )                                ;
+-----------------------------+----------------------------------------------+


+--------------------------------------------------------------------------------------------------------+
; Analysis & Synthesis Settings                                                                          ;
+--------------------------------------------------------------+--------------------+--------------------+
; Option                                                       ; Setting            ; Default Value      ;
+--------------------------------------------------------------+--------------------+--------------------+
; Device                                                       ; EPM240T100C5       ;                    ;
; Top-level entity name                                        ; C_CLOCK            ; C_CLOCK            ;
; Family name                                                  ; MAX II             ; Stratix II         ;
; Type of Retiming Performed During Resynthesis                ; Full               ;                    ;
; Resynthesis Optimization Effort                              ; Normal             ;                    ;
; Physical Synthesis Level for Resynthesis                     ; Normal             ;                    ;
; Use Generated Physical Constraints File                      ; On                 ;                    ;
; Use smart compilation                                        ; Off                ; Off                ;
; Restructure Multiplexers                                     ; Auto               ; Auto               ;
; Create Debugging Nodes for IP Cores                          ; Off                ; Off                ;
; Preserve fewer node names                                    ; On                 ; On                 ;
; Disable OpenCore Plus hardware evaluation                    ; Off                ; Off                ;
; Verilog Version                                              ; Verilog_2001       ; Verilog_2001       ;
; VHDL Version                                                 ; VHDL93             ; VHDL93             ;
; State Machine Processing                                     ; Auto               ; Auto               ;
; Safe State Machine                                           ; Off                ; Off                ;
; Extract Verilog State Machines                               ; On                 ; On                 ;
; Extract VHDL State Machines                                  ; On                 ; On                 ;
; Ignore Verilog initial constructs                            ; Off                ; Off                ;
; Iteration limit for constant Verilog loops                   ; 5000               ; 5000               ;
; Iteration limit for non-constant Verilog loops               ; 250                ; 250                ;
; Add Pass-Through Logic to Inferred RAMs                      ; On                 ; On                 ;
; Parallel Synthesis                                           ; Off                ; Off                ;
; NOT Gate Push-Back                                           ; On                 ; On                 ;
; Power-Up Don't Care                                          ; On                 ; On                 ;
; Remove Redundant Logic Cells                                 ; Off                ; Off                ;
; Remove Duplicate Registers                                   ; On                 ; On                 ;
; Ignore CARRY Buffers                                         ; Off                ; Off                ;
; Ignore CASCADE Buffers                                       ; Off                ; Off                ;
; Ignore GLOBAL Buffers                                        ; Off                ; Off                ;
; Ignore ROW GLOBAL Buffers                                    ; Off                ; Off                ;
; Ignore LCELL Buffers                                         ; Off                ; Off                ;
; Ignore SOFT Buffers                                          ; On                 ; On                 ;
; Limit AHDL Integers to 32 Bits                               ; Off                ; Off                ;
; Optimization Technique                                       ; Balanced           ; Balanced           ;
; Carry Chain Length                                           ; 70                 ; 70                 ;
; Auto Carry Chains                                            ; On                 ; On                 ;
; Auto Open-Drain Pins                                         ; On                 ; On                 ;
; Perform WYSIWYG Primitive Resynthesis                        ; Off                ; Off                ;
; Auto Shift Register Replacement                              ; Auto               ; Auto               ;
; Auto Clock Enable Replacement                                ; On                 ; On                 ;
; Allow Synchronous Control Signals                            ; On                 ; On                 ;
; Force Use of Synchronous Clear Signals                       ; Off                ; Off                ;
; Auto Resource Sharing                                        ; Off                ; Off                ;
; Use LogicLock Constraints during Resource Balancing          ; On                 ; On                 ;
; Ignore translate_off and synthesis_off directives            ; Off                ; Off                ;
; Show Parameter Settings Tables in Synthesis Report           ; On                 ; On                 ;
; Ignore Maximum Fan-Out Assignments                           ; Off                ; Off                ;
; Synchronization Register Chain Length                        ; 2                  ; 2                  ;
; PowerPlay Power Optimization                                 ; Normal compilation ; Normal compilation ;
; HDL message level                                            ; Level2             ; Level2             ;
; Suppress Register Optimization Related Messages              ; Off                ; Off                ;
; Number of Removed Registers Reported in Synthesis Report     ; 100                ; 100                ;
; Number of Inverted Registers Reported in Synthesis Report    ; 100                ; 100                ;
; Clock MUX Protection                                         ; On                 ; On                 ;
; Block Design Naming                                          ; Auto               ; Auto               ;
; Synthesis Effort                                             ; Auto               ; Auto               ;
; Shift Register Replacement - Allow Asynchronous Clear Signal ; On                 ; On                 ;
; Analysis & Synthesis Message Level                           ; Medium             ; Medium             ;
+--------------------------------------------------------------+--------------------+--------------------+


+-----------------------------------------------------------------------------------------------------------------------------------------------------------------------------------------------------+
; Analysis & Synthesis Source Files Read                                                                                                                                                              ;
+----------------------------------+-----------------+-----------------+------------------------------------------------------------------------------------------------------------------------------+
; File Name with User-Entered Path ; Used in Netlist ; File Type       ; File Name with Absolute Path                                                                                                 ;
+----------------------------------+-----------------+-----------------+------------------------------------------------------------------------------------------------------------------------------+
; C_CLOCK.vhd                      ; yes             ; User VHDL File  ; E:/TARGET/Product-SD-customize/release/数电实验箱实验指导书V106刻盘资料/EB_Project_CPLD/Project_cpld/14-1 clock/C_CLOCK.vhd  ;
; led_disp.vhd                     ; yes             ; User VHDL File  ; E:/TARGET/Product-SD-customize/release/数电实验箱实验指导书V106刻盘资料/EB_Project_CPLD/Project_cpld/14-1 clock/led_disp.vhd ;
+----------------------------------+-----------------+-----------------+------------------------------------------------------------------------------------------------------------------------------+


+-----------------------------------------------------+
; Analysis & Synthesis Resource Usage Summary         ;
+---------------------------------------------+-------+
; Resource                                    ; Usage ;
+---------------------------------------------+-------+
; Total logic elements                        ; 189   ;
;     -- Combinational with no register       ; 94    ;
;     -- Register only                        ; 3     ;
;     -- Combinational with a register        ; 92    ;
;                                             ;       ;
; Logic element usage by number of LUT inputs ;       ;
;     -- 4 input functions                    ; 65    ;
;     -- 3 input functions                    ; 50    ;
;     -- 2 input functions                    ; 67    ;
;     -- 1 input functions                    ; 4     ;
;     -- 0 input functions                    ; 0     ;
;                                             ;       ;
; Logic elements by mode                      ;       ;
;     -- normal mode                          ; 128   ;
;     -- arithmetic mode                      ; 61    ;
;     -- qfbk mode                            ; 0     ;
;     -- register cascade mode                ; 0     ;
;     -- synchronous clear/load mode          ; 22    ;
;     -- asynchronous clear/load mode         ; 36    ;
;                                             ;       ;
; Total registers                             ; 95    ;
; Total logic cells in carry chains           ; 64    ;
; I/O pins                                    ; 16    ;
; Maximum fan-out node                        ; clk   ;
; Maximum fan-out                             ; 69    ;
; Total fan-out                               ; 740   ;
; Average fan-out                             ; 3.61  ;
+---------------------------------------------+-------+


+----------------------------------------------------------------------------------------------------------------------------------------------------------------------------------------------------------------------+
; Analysis & Synthesis Resource Utilization by Entity                                                                                                                                                                  ;
+----------------------------+-------------+--------------+------------+------+--------------+--------------+-------------------+------------------+-----------------+------------+---------------------+--------------+
; Compilation Hierarchy Node ; Logic Cells ; LC Registers ; UFM Blocks ; Pins ; Virtual Pins ; LUT-Only LCs ; Register-Only LCs ; LUT/Register LCs ; Carry Chain LCs ; Packed LCs ; Full Hierarchy Name ; Library Name ;
+----------------------------+-------------+--------------+------------+------+--------------+--------------+-------------------+------------------+-----------------+------------+---------------------+--------------+
; |C_CLOCK                   ; 189 (174)   ; 95           ; 0          ; 16   ; 0            ; 94 (79)      ; 3 (3)             ; 92 (92)          ; 64 (64)         ; 0 (0)      ; |C_CLOCK            ; work         ;
;    |led_disp:u|            ; 15 (15)     ; 0            ; 0          ; 0    ; 0            ; 15 (15)      ; 0 (0)             ; 0 (0)            ; 0 (0)           ; 0 (0)      ; |C_CLOCK|led_disp:u ; work         ;
+----------------------------+-------------+--------------+------------+------+--------------+--------------+-------------------+------------------+-----------------+------------+---------------------+--------------+
Note: For table entries with two numbers listed, the numbers in parentheses indicate the number of resources of the given type used by the specific entity alone. The numbers listed outside of parentheses indicate the total resources of the given type used by the specific entity and all of its sub-entities in the hierarchy.


+---------------------------------------------------------------------------------------------------+
; User-Specified and Inferred Latches                                                               ;
+----------------------------------------------------+---------------------+------------------------+
; Latch Name                                         ; Latch Enable Signal ; Free of Timing Hazards ;
+----------------------------------------------------+---------------------+------------------------+
; led_disp:u|dataout[0]                              ; led_disp:u|Mux7     ; yes                    ;
; led_disp:u|dataout[1]                              ; led_disp:u|Mux7     ; yes                    ;
; led_disp:u|dataout[2]                              ; led_disp:u|Mux7     ; yes                    ;
; led_disp:u|dataout[3]                              ; led_disp:u|Mux7     ; yes                    ;
; led_disp:u|dataout[4]                              ; led_disp:u|Mux7     ; yes                    ;
; led_disp:u|dataout[5]                              ; led_disp:u|Mux7     ; yes                    ;
; led_disp:u|dataout[6]                              ; led_disp:u|Mux7     ; yes                    ;
; Number of user-specified and inferred latches = 7  ;                     ;                        ;
+----------------------------------------------------+---------------------+------------------------+
Note: All latches listed above may not be present at the end of synthesis due to various synthesis optimizations.


+--------------------------------------------------------------------------------+
; Registers Removed During Synthesis                                             ;
+---------------------------------------+----------------------------------------+
; Register name                         ; Reason for Removal                     ;
+---------------------------------------+----------------------------------------+
; sec10[3]                              ; Stuck at GND due to stuck port data_in ;
; min10[3]                              ; Stuck at GND due to stuck port data_in ;
; Total Number of Removed Registers = 2 ;                                        ;
+---------------------------------------+----------------------------------------+


+------------------------------------------------------+
; General Register Statistics                          ;
+----------------------------------------------+-------+
; Statistic                                    ; Value ;
+----------------------------------------------+-------+
; Total registers                              ; 95    ;
; Number of registers using Synchronous Clear  ; 22    ;
; Number of registers using Synchronous Load   ; 0     ;
; Number of registers using Asynchronous Clear ; 36    ;
; Number of registers using Asynchronous Load  ; 0     ;
; Number of registers using Clock Enable       ; 25    ;
; Number of registers using Preset             ; 0     ;
+----------------------------------------------+-------+


+-------------------------------------------------------------------------------------------------------------------------------------------+
; Multiplexer Restructuring Statistics (Restructuring Performed)                                                                            ;
+--------------------+-----------+---------------+----------------------+------------------------+------------+-----------------------------+
; Multiplexer Inputs ; Bus Width ; Baseline Area ; Area if Restructured ; Saving if Restructured ; Registered ; Example Multiplexer Output  ;
+--------------------+-----------+---------------+----------------------+------------------------+------------+-----------------------------+
; 3:1                ; 16 bits   ; 32 LEs        ; 16 LEs               ; 16 LEs                 ; Yes        ; |C_CLOCK|\CLK_1Khz:cnt[9]   ;
; 3:1                ; 26 bits   ; 52 LEs        ; 26 LEs               ; 26 LEs                 ; Yes        ; |C_CLOCK|\process_3:cnt[19] ;
; 5:1                ; 4 bits    ; 12 LEs        ; 8 LEs                ; 4 LEs                  ; Yes        ; |C_CLOCK|ledcs[0]~reg0      ;
; 5:1                ; 4 bits    ; 12 LEs        ; 8 LEs                ; 4 LEs                  ; Yes        ; |C_CLOCK|data[3]            ;
+--------------------+-----------+---------------+----------------------+------------------------+------------+-----------------------------+


+-------------------------------+
; Analysis & Synthesis Messages ;
+-------------------------------+
Info: *******************************************************************
Info: Running Quartus II Analysis & Synthesis
    Info: Version 9.0 Build 235 06/17/2009 Service Pack 2 SJ Web Edition
    Info: Processing started: Tue Jun 26 11:53:47 2018
Info: Command: quartus_map --read_settings_files=on --write_settings_files=off C_CLOCK -c C_CLOCK
Info: Found 2 design units, including 1 entities, in source file C_CLOCK.vhd
    Info: Found design unit 1: C_CLOCK-rtl
    Info: Found entity 1: C_CLOCK
Info: Found 2 design units, including 1 entities, in source file led_disp.vhd
    Info: Found design unit 1: led_disp-rtl
    Info: Found entity 1: led_disp
Info: Elaborating entity "C_CLOCK" for the top level hierarchy
Warning (10492): VHDL Process Statement warning at C_CLOCK.vhd(43): signal "key_temp0" is read inside the Process Statement but isn't in the Process Statement's sensitivity list
Warning (10631): VHDL Process Statement warning at C_CLOCK.vhd(108): inferring latch(es) for signal or variable "ACC", which holds its previous value in one or more paths through the process
Info (10041): Inferred latch for "ACC[0]" at C_CLOCK.vhd(108)
Info (10041): Inferred latch for "ACC[1]" at C_CLOCK.vhd(108)
Info (10041): Inferred latch for "ACC[2]" at C_CLOCK.vhd(108)
Info (10041): Inferred latch for "ACC[3]" at C_CLOCK.vhd(108)
Info (10041): Inferred latch for "ACC[4]" at C_CLOCK.vhd(108)
Info (10041): Inferred latch for "ACC[5]" at C_CLOCK.vhd(108)
Info (10041): Inferred latch for "ACC[6]" at C_CLOCK.vhd(108)
Info (10041): Inferred latch for "ACC[7]" at C_CLOCK.vhd(108)
Info (10041): Inferred latch for "ACC[8]" at C_CLOCK.vhd(108)
Info (10041): Inferred latch for "ACC[9]" at C_CLOCK.vhd(108)
Info (10041): Inferred latch for "ACC[10]" at C_CLOCK.vhd(108)
Info (10041): Inferred latch for "ACC[11]" at C_CLOCK.vhd(108)
Info (10041): Inferred latch for "ACC[12]" at C_CLOCK.vhd(108)
Info (10041): Inferred latch for "ACC[13]" at C_CLOCK.vhd(108)
Info (10041): Inferred latch for "ACC[14]" at C_CLOCK.vhd(108)
Info (10041): Inferred latch for "ACC[15]" at C_CLOCK.vhd(108)
Info: Elaborating entity "led_disp" for hierarchy "led_disp:u"
Warning (10631): VHDL Process Statement warning at led_disp.vhd(12): inferring latch(es) for signal or variable "dataout", which holds its previous value in one or more paths through the process
Info (10041): Inferred latch for "dataout[0]" at led_disp.vhd(12)
Info (10041): Inferred latch for "dataout[1]" at led_disp.vhd(12)
Info (10041): Inferred latch for "dataout[2]" at led_disp.vhd(12)
Info (10041): Inferred latch for "dataout[3]" at led_disp.vhd(12)
Info (10041): Inferred latch for "dataout[4]" at led_disp.vhd(12)
Info (10041): Inferred latch for "dataout[5]" at led_disp.vhd(12)
Info (10041): Inferred latch for "dataout[6]" at led_disp.vhd(12)
Info (10041): Inferred latch for "dataout[7]" at led_disp.vhd(12)
Warning: Latch led_disp:u|dataout[0] has unsafe behavior
    Warning: Ports D and ENA on the latch are fed by the same signal data[0]
Warning: Latch led_disp:u|dataout[1] has unsafe behavior
    Warning: Ports D and ENA on the latch are fed by the same signal data[0]
Warning: Latch led_disp:u|dataout[2] has unsafe behavior
    Warning: Ports D and ENA on the latch are fed by the same signal data[0]
Warning: Latch led_disp:u|dataout[3] has unsafe behavior
    Warning: Ports D and ENA on the latch are fed by the same signal data[0]
Warning: Latch led_disp:u|dataout[4] has unsafe behavior
    Warning: Ports D and ENA on the latch are fed by the same signal data[0]
Warning: Latch led_disp:u|dataout[5] has unsafe behavior
    Warning: Ports D and ENA on the latch are fed by the same signal data[0]
Warning: Latch led_disp:u|dataout[6] has unsafe behavior
    Warning: Ports D and ENA on the latch are fed by the same signal data[0]
Warning: Output pins are stuck at VCC or GND
    Warning (13410): Pin "disp[7]" is stuck at GND
Info: Implemented 205 device resources after synthesis - the final resource count might be different
    Info: Implemented 4 input pins
    Info: Implemented 12 output pins
    Info: Implemented 189 logic cells
Info: Quartus II Analysis & Synthesis was successful. 0 errors, 19 warnings
    Info: Peak virtual memory: 229 megabytes
    Info: Processing ended: Tue Jun 26 11:53:49 2018
    Info: Elapsed time: 00:00:02
    Info: Total CPU time (on all processors): 00:00:01


